mode: atomic
github.com/open-telemetry/opentelemetry-collector-contrib/processor/sourceprocessor/observability/observability.go:24.13,30.2 1 1
github.com/open-telemetry/opentelemetry-collector-contrib/processor/sourceprocessor/observability/observability.go:60.37,62.2 1 0
github.com/open-telemetry/opentelemetry-collector-contrib/processor/sourceprocessor/observability/observability.go:65.26,67.2 1 0
github.com/open-telemetry/opentelemetry-collector-contrib/processor/sourceprocessor/observability/observability.go:70.32,72.2 1 0
github.com/open-telemetry/opentelemetry-collector-contrib/processor/sourceprocessor/observability/observability.go:75.25,77.2 1 0
github.com/open-telemetry/opentelemetry-collector-contrib/processor/sourceprocessor/observability/observability.go:80.31,82.2 1 0
github.com/open-telemetry/opentelemetry-collector-contrib/processor/sourceprocessor/source_processor.go:42.58,43.13 1 52
github.com/open-telemetry/opentelemetry-collector-contrib/processor/sourceprocessor/source_processor.go:44.19,45.26 1 10
github.com/open-telemetry/opentelemetry-collector-contrib/processor/sourceprocessor/source_processor.go:46.19,47.26 1 20
github.com/open-telemetry/opentelemetry-collector-contrib/processor/sourceprocessor/source_processor.go:48.13,49.20 1 10
github.com/open-telemetry/opentelemetry-collector-contrib/processor/sourceprocessor/source_processor.go:50.16,51.22 1 2
github.com/open-telemetry/opentelemetry-collector-contrib/processor/sourceprocessor/source_processor.go:52.18,53.24 1 10
github.com/open-telemetry/opentelemetry-collector-contrib/processor/sourceprocessor/source_processor.go:54.21,55.27 1 0
github.com/open-telemetry/opentelemetry-collector-contrib/processor/sourceprocessor/source_processor.go:56.10,57.13 1 0
github.com/open-telemetry/opentelemetry-collector-contrib/processor/sourceprocessor/source_processor.go:99.48,100.17 1 40
github.com/open-telemetry/opentelemetry-collector-contrib/processor/sourceprocessor/source_processor.go:104.2,105.16 2 4
github.com/open-telemetry/opentelemetry-collector-contrib/processor/sourceprocessor/source_processor.go:109.2,109.11 1 4
github.com/open-telemetry/opentelemetry-collector-contrib/processor/sourceprocessor/source_processor.go:100.17,102.3 1 36
github.com/open-telemetry/opentelemetry-collector-contrib/processor/sourceprocessor/source_processor.go:105.16,107.3 1 0
github.com/open-telemetry/opentelemetry-collector-contrib/processor/sourceprocessor/source_processor.go:112.93,113.15 1 46
github.com/open-telemetry/opentelemetry-collector-contrib/processor/sourceprocessor/source_processor.go:117.2,117.56 1 7
github.com/open-telemetry/opentelemetry-collector-contrib/processor/sourceprocessor/source_processor.go:123.2,123.14 1 4
github.com/open-telemetry/opentelemetry-collector-contrib/processor/sourceprocessor/source_processor.go:113.15,115.3 1 39
github.com/open-telemetry/opentelemetry-collector-contrib/processor/sourceprocessor/source_processor.go:117.56,118.53 1 3
github.com/open-telemetry/opentelemetry-collector-contrib/processor/sourceprocessor/source_processor.go:118.53,120.4 1 3
github.com/open-telemetry/opentelemetry-collector-contrib/processor/sourceprocessor/source_processor.go:126.87,151.2 2 10
github.com/open-telemetry/opentelemetry-collector-contrib/processor/sourceprocessor/source_processor.go:153.73,154.25 1 10
github.com/open-telemetry/opentelemetry-collector-contrib/processor/sourceprocessor/source_processor.go:154.25,156.3 1 10
github.com/open-telemetry/opentelemetry-collector-contrib/processor/sourceprocessor/source_processor.go:159.78,163.81 1 15
github.com/open-telemetry/opentelemetry-collector-contrib/processor/sourceprocessor/source_processor.go:171.2,171.81 1 14
github.com/open-telemetry/opentelemetry-collector-contrib/processor/sourceprocessor/source_processor.go:179.2,179.77 1 13
github.com/open-telemetry/opentelemetry-collector-contrib/processor/sourceprocessor/source_processor.go:182.2,182.65 1 12
github.com/open-telemetry/opentelemetry-collector-contrib/processor/sourceprocessor/source_processor.go:185.2,185.77 1 11
github.com/open-telemetry/opentelemetry-collector-contrib/processor/sourceprocessor/source_processor.go:188.2,188.73 1 10
github.com/open-telemetry/opentelemetry-collector-contrib/processor/sourceprocessor/source_processor.go:192.2,192.14 1 10
github.com/open-telemetry/opentelemetry-collector-contrib/processor/sourceprocessor/source_processor.go:163.81,164.80 1 1
github.com/open-telemetry/opentelemetry-collector-contrib/processor/sourceprocessor/source_processor.go:164.80,166.4 1 1
github.com/open-telemetry/opentelemetry-collector-contrib/processor/sourceprocessor/source_processor.go:166.9,166.73 1 0
github.com/open-telemetry/opentelemetry-collector-contrib/processor/sourceprocessor/source_processor.go:166.73,168.4 1 0
github.com/open-telemetry/opentelemetry-collector-contrib/processor/sourceprocessor/source_processor.go:171.81,172.80 1 1
github.com/open-telemetry/opentelemetry-collector-contrib/processor/sourceprocessor/source_processor.go:172.80,174.4 1 1
github.com/open-telemetry/opentelemetry-collector-contrib/processor/sourceprocessor/source_processor.go:174.9,174.73 1 0
github.com/open-telemetry/opentelemetry-collector-contrib/processor/sourceprocessor/source_processor.go:174.73,176.4 1 0
github.com/open-telemetry/opentelemetry-collector-contrib/processor/sourceprocessor/source_processor.go:179.77,181.3 1 1
github.com/open-telemetry/opentelemetry-collector-contrib/processor/sourceprocessor/source_processor.go:182.65,184.3 1 1
github.com/open-telemetry/opentelemetry-collector-contrib/processor/sourceprocessor/source_processor.go:185.77,187.3 1 1
github.com/open-telemetry/opentelemetry-collector-contrib/processor/sourceprocessor/source_processor.go:188.73,190.3 1 0
github.com/open-telemetry/opentelemetry-collector-contrib/processor/sourceprocessor/source_processor.go:195.83,197.2 1 74
github.com/open-telemetry/opentelemetry-collector-contrib/processor/sourceprocessor/source_processor.go:199.92,202.33 2 10
github.com/open-telemetry/opentelemetry-collector-contrib/processor/sourceprocessor/source_processor.go:271.2,271.48 1 10
github.com/open-telemetry/opentelemetry-collector-contrib/processor/sourceprocessor/source_processor.go:202.33,223.35 15 10
github.com/open-telemetry/opentelemetry-collector-contrib/processor/sourceprocessor/source_processor.go:228.3,228.30 1 10
github.com/open-telemetry/opentelemetry-collector-contrib/processor/sourceprocessor/source_processor.go:236.3,236.23 1 10
github.com/open-telemetry/opentelemetry-collector-contrib/processor/sourceprocessor/source_processor.go:223.35,226.4 2 6
github.com/open-telemetry/opentelemetry-collector-contrib/processor/sourceprocessor/source_processor.go:228.30,231.4 2 1
github.com/open-telemetry/opentelemetry-collector-contrib/processor/sourceprocessor/source_processor.go:231.9,233.4 1 9
github.com/open-telemetry/opentelemetry-collector-contrib/processor/sourceprocessor/source_processor.go:236.23,238.36 2 7
github.com/open-telemetry/opentelemetry-collector-contrib/processor/sourceprocessor/source_processor.go:238.36,243.43 4 5
github.com/open-telemetry/opentelemetry-collector-contrib/processor/sourceprocessor/source_processor.go:266.5,267.45 2 5
github.com/open-telemetry/opentelemetry-collector-contrib/processor/sourceprocessor/source_processor.go:243.43,249.26 4 5
github.com/open-telemetry/opentelemetry-collector-contrib/processor/sourceprocessor/source_processor.go:253.6,257.34 4 5
github.com/open-telemetry/opentelemetry-collector-contrib/processor/sourceprocessor/source_processor.go:249.26,251.7 1 0
github.com/open-telemetry/opentelemetry-collector-contrib/processor/sourceprocessor/source_processor.go:257.34,261.7 3 2
github.com/open-telemetry/opentelemetry-collector-contrib/processor/sourceprocessor/source_processor.go:261.12,263.7 1 3
github.com/open-telemetry/opentelemetry-collector-contrib/processor/sourceprocessor/source_processor.go:275.84,277.2 1 2
github.com/open-telemetry/opentelemetry-collector-contrib/processor/sourceprocessor/source_processor.go:280.90,282.2 1 0
github.com/open-telemetry/opentelemetry-collector-contrib/processor/sourceprocessor/source_processor.go:285.71,287.2 1 0
github.com/open-telemetry/opentelemetry-collector-contrib/processor/sourceprocessor/source_processor.go:291.40,293.30 2 0
github.com/open-telemetry/opentelemetry-collector-contrib/processor/sourceprocessor/source_processor.go:296.2,296.18 1 0
github.com/open-telemetry/opentelemetry-collector-contrib/processor/sourceprocessor/source_processor.go:293.30,295.3 1 0
github.com/open-telemetry/opentelemetry-collector-contrib/processor/sourceprocessor/source_processor.go:299.74,308.17 1 15
github.com/open-telemetry/opentelemetry-collector-contrib/processor/sourceprocessor/source_processor.go:311.2,312.12 2 15
github.com/open-telemetry/opentelemetry-collector-contrib/processor/sourceprocessor/source_processor.go:316.2,317.23 2 8
github.com/open-telemetry/opentelemetry-collector-contrib/processor/sourceprocessor/source_processor.go:322.2,324.32 2 8
github.com/open-telemetry/opentelemetry-collector-contrib/processor/sourceprocessor/source_processor.go:331.2,331.87 1 0
github.com/open-telemetry/opentelemetry-collector-contrib/processor/sourceprocessor/source_processor.go:308.17,310.3 1 0
github.com/open-telemetry/opentelemetry-collector-contrib/processor/sourceprocessor/source_processor.go:312.12,314.3 1 7
github.com/open-telemetry/opentelemetry-collector-contrib/processor/sourceprocessor/source_processor.go:317.23,320.3 1 0
github.com/open-telemetry/opentelemetry-collector-contrib/processor/sourceprocessor/source_processor.go:324.32,326.117 2 8
github.com/open-telemetry/opentelemetry-collector-contrib/processor/sourceprocessor/source_processor.go:326.117,329.4 2 8
github.com/open-telemetry/opentelemetry-collector-contrib/processor/sourceprocessor/source_processor.go:334.86,339.35 4 22
github.com/open-telemetry/opentelemetry-collector-contrib/processor/sourceprocessor/source_processor.go:342.2,350.3 2 22
github.com/open-telemetry/opentelemetry-collector-contrib/processor/sourceprocessor/source_processor.go:339.35,341.3 1 52
github.com/open-telemetry/opentelemetry-collector-contrib/processor/sourceprocessor/source_processor.go:353.47,361.2 1 10
github.com/open-telemetry/opentelemetry-collector-contrib/processor/sourceprocessor/source_processor.go:363.80,366.2 2 10
github.com/open-telemetry/opentelemetry-collector-contrib/processor/sourceprocessor/source_processor.go:368.84,374.2 5 10
github.com/open-telemetry/opentelemetry-collector-contrib/processor/sourceprocessor/source_processor.go:376.130,378.11 2 45
github.com/open-telemetry/opentelemetry-collector-contrib/processor/sourceprocessor/source_processor.go:384.2,384.31 1 43
github.com/open-telemetry/opentelemetry-collector-contrib/processor/sourceprocessor/source_processor.go:378.11,383.3 4 2
github.com/open-telemetry/opentelemetry-collector-contrib/processor/sourceprocessor/source_processor.go:387.73,388.32 1 45
github.com/open-telemetry/opentelemetry-collector-contrib/processor/sourceprocessor/source_processor.go:392.2,393.24 2 31
github.com/open-telemetry/opentelemetry-collector-contrib/processor/sourceprocessor/source_processor.go:401.2,401.14 1 14
github.com/open-telemetry/opentelemetry-collector-contrib/processor/sourceprocessor/source_processor.go:388.32,390.3 1 14
github.com/open-telemetry/opentelemetry-collector-contrib/processor/sourceprocessor/source_processor.go:393.24,395.30 2 17
github.com/open-telemetry/opentelemetry-collector-contrib/processor/sourceprocessor/source_processor.go:398.3,399.14 2 17
github.com/open-telemetry/opentelemetry-collector-contrib/processor/sourceprocessor/source_processor.go:395.30,397.4 1 8
github.com/open-telemetry/opentelemetry-collector-contrib/processor/sourceprocessor/source_processor.go:404.87,406.33 2 31
github.com/open-telemetry/opentelemetry-collector-contrib/processor/sourceprocessor/source_processor.go:413.2,413.12 1 17
github.com/open-telemetry/opentelemetry-collector-contrib/processor/sourceprocessor/source_processor.go:406.33,408.10 2 54
github.com/open-telemetry/opentelemetry-collector-contrib/processor/sourceprocessor/source_processor.go:411.3,411.39 1 40
github.com/open-telemetry/opentelemetry-collector-contrib/processor/sourceprocessor/source_processor.go:408.10,410.4 1 14
github.com/open-telemetry/opentelemetry-collector-contrib/processor/sourceprocessor/factory.go:49.46,54.2 1 7
github.com/open-telemetry/opentelemetry-collector-contrib/processor/sourceprocessor/factory.go:57.45,79.2 1 9
github.com/open-telemetry/opentelemetry-collector-contrib/processor/sourceprocessor/factory.go:86.67,90.2 2 0
