mode: atomic
github.com/open-telemetry/opentelemetry-collector-contrib/exporter/sumologicexporter/compress.go:38.69,44.16 2 58
github.com/open-telemetry/opentelemetry-collector-contrib/exporter/sumologicexporter/compress.go:58.2,61.8 1 56
github.com/open-telemetry/opentelemetry-collector-contrib/exporter/sumologicexporter/compress.go:45.23,46.42 1 3
github.com/open-telemetry/opentelemetry-collector-contrib/exporter/sumologicexporter/compress.go:47.26,49.17 2 2
github.com/open-telemetry/opentelemetry-collector-contrib/exporter/sumologicexporter/compress.go:52.21,53.15 1 51
github.com/open-telemetry/opentelemetry-collector-contrib/exporter/sumologicexporter/compress.go:54.10,55.64 1 2
github.com/open-telemetry/opentelemetry-collector-contrib/exporter/sumologicexporter/compress.go:49.17,51.4 1 0
github.com/open-telemetry/opentelemetry-collector-contrib/exporter/sumologicexporter/compress.go:66.66,67.21 1 56
github.com/open-telemetry/opentelemetry-collector-contrib/exporter/sumologicexporter/compress.go:71.2,72.52 2 10
github.com/open-telemetry/opentelemetry-collector-contrib/exporter/sumologicexporter/compress.go:77.2,80.61 3 9
github.com/open-telemetry/opentelemetry-collector-contrib/exporter/sumologicexporter/compress.go:84.2,84.41 1 7
github.com/open-telemetry/opentelemetry-collector-contrib/exporter/sumologicexporter/compress.go:88.2,88.44 1 6
github.com/open-telemetry/opentelemetry-collector-contrib/exporter/sumologicexporter/compress.go:67.21,69.3 1 46
github.com/open-telemetry/opentelemetry-collector-contrib/exporter/sumologicexporter/compress.go:72.52,74.3 1 1
github.com/open-telemetry/opentelemetry-collector-contrib/exporter/sumologicexporter/compress.go:80.61,82.3 1 2
github.com/open-telemetry/opentelemetry-collector-contrib/exporter/sumologicexporter/compress.go:84.41,86.3 1 1
github.com/open-telemetry/opentelemetry-collector-contrib/exporter/sumologicexporter/exporter.go:37.60,38.23 1 49
github.com/open-telemetry/opentelemetry-collector-contrib/exporter/sumologicexporter/exporter.go:45.2,45.26 1 48
github.com/open-telemetry/opentelemetry-collector-contrib/exporter/sumologicexporter/exporter.go:53.2,53.30 1 47
github.com/open-telemetry/opentelemetry-collector-contrib/exporter/sumologicexporter/exporter.go:61.2,61.47 1 46
github.com/open-telemetry/opentelemetry-collector-contrib/exporter/sumologicexporter/exporter.go:65.2,66.16 2 45
github.com/open-telemetry/opentelemetry-collector-contrib/exporter/sumologicexporter/exporter.go:70.2,71.16 2 45
github.com/open-telemetry/opentelemetry-collector-contrib/exporter/sumologicexporter/exporter.go:75.2,76.16 2 44
github.com/open-telemetry/opentelemetry-collector-contrib/exporter/sumologicexporter/exporter.go:80.2,81.16 2 44
github.com/open-telemetry/opentelemetry-collector-contrib/exporter/sumologicexporter/exporter.go:85.2,93.16 2 43
github.com/open-telemetry/opentelemetry-collector-contrib/exporter/sumologicexporter/exporter.go:39.18,39.18 0 6
github.com/open-telemetry/opentelemetry-collector-contrib/exporter/sumologicexporter/exporter.go:40.18,40.18 0 42
github.com/open-telemetry/opentelemetry-collector-contrib/exporter/sumologicexporter/exporter.go:41.10,42.69 1 1
github.com/open-telemetry/opentelemetry-collector-contrib/exporter/sumologicexporter/exporter.go:46.22,46.22 0 0
github.com/open-telemetry/opentelemetry-collector-contrib/exporter/sumologicexporter/exporter.go:47.21,47.21 0 47
github.com/open-telemetry/opentelemetry-collector-contrib/exporter/sumologicexporter/exporter.go:48.24,48.24 0 0
github.com/open-telemetry/opentelemetry-collector-contrib/exporter/sumologicexporter/exporter.go:49.10,50.75 1 1
github.com/open-telemetry/opentelemetry-collector-contrib/exporter/sumologicexporter/exporter.go:54.23,54.23 0 4
github.com/open-telemetry/opentelemetry-collector-contrib/exporter/sumologicexporter/exporter.go:55.26,55.26 0 0
github.com/open-telemetry/opentelemetry-collector-contrib/exporter/sumologicexporter/exporter.go:56.21,56.21 0 42
github.com/open-telemetry/opentelemetry-collector-contrib/exporter/sumologicexporter/exporter.go:57.10,58.86 1 1
github.com/open-telemetry/opentelemetry-collector-contrib/exporter/sumologicexporter/exporter.go:61.47,63.3 1 1
github.com/open-telemetry/opentelemetry-collector-contrib/exporter/sumologicexporter/exporter.go:66.16,68.3 1 0
github.com/open-telemetry/opentelemetry-collector-contrib/exporter/sumologicexporter/exporter.go:71.16,73.3 1 1
github.com/open-telemetry/opentelemetry-collector-contrib/exporter/sumologicexporter/exporter.go:76.16,78.3 1 0
github.com/open-telemetry/opentelemetry-collector-contrib/exporter/sumologicexporter/exporter.go:81.16,83.3 1 1
github.com/open-telemetry/opentelemetry-collector-contrib/exporter/sumologicexporter/exporter.go:99.35,101.16 2 0
github.com/open-telemetry/opentelemetry-collector-contrib/exporter/sumologicexporter/exporter.go:105.2,114.3 1 0
github.com/open-telemetry/opentelemetry-collector-contrib/exporter/sumologicexporter/exporter.go:101.16,103.3 1 0
github.com/open-telemetry/opentelemetry-collector-contrib/exporter/sumologicexporter/exporter.go:120.38,122.16 2 0
github.com/open-telemetry/opentelemetry-collector-contrib/exporter/sumologicexporter/exporter.go:126.2,135.3 1 0
github.com/open-telemetry/opentelemetry-collector-contrib/exporter/sumologicexporter/exporter.go:122.16,124.3 1 0
github.com/open-telemetry/opentelemetry-collector-contrib/exporter/sumologicexporter/exporter.go:141.85,151.16 3 6
github.com/open-telemetry/opentelemetry-collector-contrib/exporter/sumologicexporter/exporter.go:154.2,158.33 3 5
github.com/open-telemetry/opentelemetry-collector-contrib/exporter/sumologicexporter/exporter.go:207.2,208.16 2 5
github.com/open-telemetry/opentelemetry-collector-contrib/exporter/sumologicexporter/exporter.go:213.2,213.29 1 5
github.com/open-telemetry/opentelemetry-collector-contrib/exporter/sumologicexporter/exporter.go:230.2,230.12 1 2
github.com/open-telemetry/opentelemetry-collector-contrib/exporter/sumologicexporter/exporter.go:151.16,153.3 1 1
github.com/open-telemetry/opentelemetry-collector-contrib/exporter/sumologicexporter/exporter.go:158.33,163.35 3 2097157
github.com/open-telemetry/opentelemetry-collector-contrib/exporter/sumologicexporter/exporter.go:163.35,168.36 3 1048581
github.com/open-telemetry/opentelemetry-collector-contrib/exporter/sumologicexporter/exporter.go:168.36,174.45 2 1048583
github.com/open-telemetry/opentelemetry-collector-contrib/exporter/sumologicexporter/exporter.go:179.5,182.97 2 1048583
github.com/open-telemetry/opentelemetry-collector-contrib/exporter/sumologicexporter/exporter.go:193.5,198.19 4 1048583
github.com/open-telemetry/opentelemetry-collector-contrib/exporter/sumologicexporter/exporter.go:174.45,176.7 1 2
github.com/open-telemetry/opentelemetry-collector-contrib/exporter/sumologicexporter/exporter.go:182.97,185.20 3 1
github.com/open-telemetry/opentelemetry-collector-contrib/exporter/sumologicexporter/exporter.go:189.6,189.27 1 1
github.com/open-telemetry/opentelemetry-collector-contrib/exporter/sumologicexporter/exporter.go:185.20,188.7 2 1
github.com/open-telemetry/opentelemetry-collector-contrib/exporter/sumologicexporter/exporter.go:198.19,201.6 2 1
github.com/open-telemetry/opentelemetry-collector-contrib/exporter/sumologicexporter/exporter.go:208.16,211.3 2 1
github.com/open-telemetry/opentelemetry-collector-contrib/exporter/sumologicexporter/exporter.go:213.29,223.38 7 3
github.com/open-telemetry/opentelemetry-collector-contrib/exporter/sumologicexporter/exporter.go:227.3,227.73 1 3
github.com/open-telemetry/opentelemetry-collector-contrib/exporter/sumologicexporter/exporter.go:223.38,225.4 1 1048579
github.com/open-telemetry/opentelemetry-collector-contrib/exporter/sumologicexporter/exporter.go:236.91,246.16 3 5
github.com/open-telemetry/opentelemetry-collector-contrib/exporter/sumologicexporter/exporter.go:249.2,253.33 3 4
github.com/open-telemetry/opentelemetry-collector-contrib/exporter/sumologicexporter/exporter.go:299.2,300.16 2 4
github.com/open-telemetry/opentelemetry-collector-contrib/exporter/sumologicexporter/exporter.go:305.2,305.29 1 4
github.com/open-telemetry/opentelemetry-collector-contrib/exporter/sumologicexporter/exporter.go:322.2,322.12 1 1
github.com/open-telemetry/opentelemetry-collector-contrib/exporter/sumologicexporter/exporter.go:246.16,248.3 1 1
github.com/open-telemetry/opentelemetry-collector-contrib/exporter/sumologicexporter/exporter.go:253.33,260.35 4 8
github.com/open-telemetry/opentelemetry-collector-contrib/exporter/sumologicexporter/exporter.go:260.35,265.34 3 8
github.com/open-telemetry/opentelemetry-collector-contrib/exporter/sumologicexporter/exporter.go:265.34,275.97 4 8
github.com/open-telemetry/opentelemetry-collector-contrib/exporter/sumologicexporter/exporter.go:286.5,290.19 4 8
github.com/open-telemetry/opentelemetry-collector-contrib/exporter/sumologicexporter/exporter.go:275.97,278.20 3 1
github.com/open-telemetry/opentelemetry-collector-contrib/exporter/sumologicexporter/exporter.go:282.6,282.29 1 1
github.com/open-telemetry/opentelemetry-collector-contrib/exporter/sumologicexporter/exporter.go:278.20,281.7 2 1
github.com/open-telemetry/opentelemetry-collector-contrib/exporter/sumologicexporter/exporter.go:290.19,293.6 2 0
github.com/open-telemetry/opentelemetry-collector-contrib/exporter/sumologicexporter/exporter.go:300.16,303.3 2 2
github.com/open-telemetry/opentelemetry-collector-contrib/exporter/sumologicexporter/exporter.go:305.29,310.43 4 3
github.com/open-telemetry/opentelemetry-collector-contrib/exporter/sumologicexporter/exporter.go:319.3,319.79 1 3
github.com/open-telemetry/opentelemetry-collector-contrib/exporter/sumologicexporter/exporter.go:310.43,317.4 5 4
github.com/open-telemetry/opentelemetry-collector-contrib/exporter/sumologicexporter/factory.go:32.45,39.2 1 2
github.com/open-telemetry/opentelemetry-collector-contrib/exporter/sumologicexporter/factory.go:41.44,61.2 3 1
github.com/open-telemetry/opentelemetry-collector-contrib/exporter/sumologicexporter/factory.go:67.35,69.16 2 0
github.com/open-telemetry/opentelemetry-collector-contrib/exporter/sumologicexporter/factory.go:73.2,73.17 1 0
github.com/open-telemetry/opentelemetry-collector-contrib/exporter/sumologicexporter/factory.go:69.16,71.3 1 0
github.com/open-telemetry/opentelemetry-collector-contrib/exporter/sumologicexporter/factory.go:80.38,82.16 2 0
github.com/open-telemetry/opentelemetry-collector-contrib/exporter/sumologicexporter/factory.go:86.2,86.17 1 0
github.com/open-telemetry/opentelemetry-collector-contrib/exporter/sumologicexporter/factory.go:82.16,84.3 1 0
github.com/open-telemetry/opentelemetry-collector-contrib/exporter/sumologicexporter/fields.go:32.51,37.2 1 1048664
github.com/open-telemetry/opentelemetry-collector-contrib/exporter/sumologicexporter/fields.go:40.33,42.56 2 2097222
github.com/open-telemetry/opentelemetry-collector-contrib/exporter/sumologicexporter/fields.go:52.2,54.40 2 2097222
github.com/open-telemetry/opentelemetry-collector-contrib/exporter/sumologicexporter/fields.go:42.56,51.3 1 45
github.com/open-telemetry/opentelemetry-collector-contrib/exporter/sumologicexporter/fields.go:58.50,60.2 1 90
github.com/open-telemetry/opentelemetry-collector-contrib/exporter/sumologicexporter/filter.go:27.47,30.27 2 92
github.com/open-telemetry/opentelemetry-collector-contrib/exporter/sumologicexporter/filter.go:39.2,41.8 1 91
github.com/open-telemetry/opentelemetry-collector-contrib/exporter/sumologicexporter/filter.go:30.27,32.17 2 8
github.com/open-telemetry/opentelemetry-collector-contrib/exporter/sumologicexporter/filter.go:36.3,36.29 1 7
github.com/open-telemetry/opentelemetry-collector-contrib/exporter/sumologicexporter/filter.go:32.17,34.4 1 1
github.com/open-telemetry/opentelemetry-collector-contrib/exporter/sumologicexporter/filter.go:45.65,48.60 2 1048592
github.com/open-telemetry/opentelemetry-collector-contrib/exporter/sumologicexporter/filter.go:56.2,57.31 2 1048592
github.com/open-telemetry/opentelemetry-collector-contrib/exporter/sumologicexporter/filter.go:48.60,49.35 1 29
github.com/open-telemetry/opentelemetry-collector-contrib/exporter/sumologicexporter/filter.go:49.35,50.28 1 19
github.com/open-telemetry/opentelemetry-collector-contrib/exporter/sumologicexporter/filter.go:50.28,53.5 2 11
github.com/open-telemetry/opentelemetry-collector-contrib/exporter/sumologicexporter/filter.go:61.66,64.60 2 11
github.com/open-telemetry/opentelemetry-collector-contrib/exporter/sumologicexporter/filter.go:72.2,73.31 2 11
github.com/open-telemetry/opentelemetry-collector-contrib/exporter/sumologicexporter/filter.go:64.60,65.35 1 25
github.com/open-telemetry/opentelemetry-collector-contrib/exporter/sumologicexporter/filter.go:70.3,70.27 1 22
github.com/open-telemetry/opentelemetry-collector-contrib/exporter/sumologicexporter/filter.go:65.35,66.28 1 8
github.com/open-telemetry/opentelemetry-collector-contrib/exporter/sumologicexporter/filter.go:66.28,68.5 1 3
github.com/open-telemetry/opentelemetry-collector-contrib/exporter/sumologicexporter/prometheus_formatter.go:45.60,47.16 2 98
github.com/open-telemetry/opentelemetry-collector-contrib/exporter/sumologicexporter/prometheus_formatter.go:51.2,54.8 1 98
github.com/open-telemetry/opentelemetry-collector-contrib/exporter/sumologicexporter/prometheus_formatter.go:47.16,49.3 1 0
github.com/open-telemetry/opentelemetry-collector-contrib/exporter/sumologicexporter/prometheus_formatter.go:58.107,61.42 3 73
github.com/open-telemetry/opentelemetry-collector-contrib/exporter/sumologicexporter/prometheus_formatter.go:64.2,66.17 2 73
github.com/open-telemetry/opentelemetry-collector-contrib/exporter/sumologicexporter/prometheus_formatter.go:70.2,71.66 2 71
github.com/open-telemetry/opentelemetry-collector-contrib/exporter/sumologicexporter/prometheus_formatter.go:82.2,82.76 1 71
github.com/open-telemetry/opentelemetry-collector-contrib/exporter/sumologicexporter/prometheus_formatter.go:61.42,63.3 1 124
github.com/open-telemetry/opentelemetry-collector-contrib/exporter/sumologicexporter/prometheus_formatter.go:66.17,68.3 1 2
github.com/open-telemetry/opentelemetry-collector-contrib/exporter/sumologicexporter/prometheus_formatter.go:71.66,80.3 1 233
github.com/open-telemetry/opentelemetry-collector-contrib/exporter/sumologicexporter/prometheus_formatter.go:87.60,89.2 1 304
github.com/open-telemetry/opentelemetry-collector-contrib/exporter/sumologicexporter/prometheus_formatter.go:95.62,97.2 1 234
github.com/open-telemetry/opentelemetry-collector-contrib/exporter/sumologicexporter/prometheus_formatter.go:100.131,108.2 1 10
github.com/open-telemetry/opentelemetry-collector-contrib/exporter/sumologicexporter/prometheus_formatter.go:111.126,119.2 1 30
github.com/open-telemetry/opentelemetry-collector-contrib/exporter/sumologicexporter/prometheus_formatter.go:122.128,130.2 1 30
github.com/open-telemetry/opentelemetry-collector-contrib/exporter/sumologicexporter/prometheus_formatter.go:133.127,140.2 1 10
github.com/open-telemetry/opentelemetry-collector-contrib/exporter/sumologicexporter/prometheus_formatter.go:143.122,150.2 1 2
github.com/open-telemetry/opentelemetry-collector-contrib/exporter/sumologicexporter/prometheus_formatter.go:153.124,160.2 1 30
github.com/open-telemetry/opentelemetry-collector-contrib/exporter/sumologicexporter/prometheus_formatter.go:163.133,170.2 1 4
github.com/open-telemetry/opentelemetry-collector-contrib/exporter/sumologicexporter/prometheus_formatter.go:173.127,180.2 1 28
github.com/open-telemetry/opentelemetry-collector-contrib/exporter/sumologicexporter/prometheus_formatter.go:183.61,185.2 1 6
github.com/open-telemetry/opentelemetry-collector-contrib/exporter/sumologicexporter/prometheus_formatter.go:188.63,190.2 1 6
github.com/open-telemetry/opentelemetry-collector-contrib/exporter/sumologicexporter/prometheus_formatter.go:193.76,197.33 3 9
github.com/open-telemetry/opentelemetry-collector-contrib/exporter/sumologicexporter/prometheus_formatter.go:206.2,206.14 1 9
github.com/open-telemetry/opentelemetry-collector-contrib/exporter/sumologicexporter/prometheus_formatter.go:197.33,205.3 3 18
github.com/open-telemetry/opentelemetry-collector-contrib/exporter/sumologicexporter/prometheus_formatter.go:210.138,213.70 3 26
github.com/open-telemetry/opentelemetry-collector-contrib/exporter/sumologicexporter/prometheus_formatter.go:216.2,216.25 1 26
github.com/open-telemetry/opentelemetry-collector-contrib/exporter/sumologicexporter/prometheus_formatter.go:213.70,215.3 1 26
github.com/open-telemetry/opentelemetry-collector-contrib/exporter/sumologicexporter/prometheus_formatter.go:220.79,224.33 3 1
github.com/open-telemetry/opentelemetry-collector-contrib/exporter/sumologicexporter/prometheus_formatter.go:234.2,234.14 1 1
github.com/open-telemetry/opentelemetry-collector-contrib/exporter/sumologicexporter/prometheus_formatter.go:224.33,232.3 3 2
github.com/open-telemetry/opentelemetry-collector-contrib/exporter/sumologicexporter/prometheus_formatter.go:238.74,242.33 3 9
github.com/open-telemetry/opentelemetry-collector-contrib/exporter/sumologicexporter/prometheus_formatter.go:252.2,252.14 1 9
github.com/open-telemetry/opentelemetry-collector-contrib/exporter/sumologicexporter/prometheus_formatter.go:242.33,250.3 3 10
github.com/open-telemetry/opentelemetry-collector-contrib/exporter/sumologicexporter/prometheus_formatter.go:256.77,260.33 3 1
github.com/open-telemetry/opentelemetry-collector-contrib/exporter/sumologicexporter/prometheus_formatter.go:270.2,270.14 1 1
github.com/open-telemetry/opentelemetry-collector-contrib/exporter/sumologicexporter/prometheus_formatter.go:260.33,268.3 3 2
github.com/open-telemetry/opentelemetry-collector-contrib/exporter/sumologicexporter/prometheus_formatter.go:275.81,279.33 3 1
github.com/open-telemetry/opentelemetry-collector-contrib/exporter/sumologicexporter/prometheus_formatter.go:312.2,312.14 1 1
github.com/open-telemetry/opentelemetry-collector-contrib/exporter/sumologicexporter/prometheus_formatter.go:279.33,283.33 4 2
github.com/open-telemetry/opentelemetry-collector-contrib/exporter/sumologicexporter/prometheus_formatter.go:296.3,310.30 4 2
github.com/open-telemetry/opentelemetry-collector-contrib/exporter/sumologicexporter/prometheus_formatter.go:283.33,294.4 4 2
github.com/open-telemetry/opentelemetry-collector-contrib/exporter/sumologicexporter/prometheus_formatter.go:317.80,321.33 3 1
github.com/open-telemetry/opentelemetry-collector-contrib/exporter/sumologicexporter/prometheus_formatter.go:368.2,368.14 1 1
github.com/open-telemetry/opentelemetry-collector-contrib/exporter/sumologicexporter/prometheus_formatter.go:321.33,328.40 5 2
github.com/open-telemetry/opentelemetry-collector-contrib/exporter/sumologicexporter/prometheus_formatter.go:341.3,365.30 8 2
github.com/open-telemetry/opentelemetry-collector-contrib/exporter/sumologicexporter/prometheus_formatter.go:328.40,339.4 4 10
github.com/open-telemetry/opentelemetry-collector-contrib/exporter/sumologicexporter/prometheus_formatter.go:373.83,377.33 3 1
github.com/open-telemetry/opentelemetry-collector-contrib/exporter/sumologicexporter/prometheus_formatter.go:424.2,424.14 1 1
github.com/open-telemetry/opentelemetry-collector-contrib/exporter/sumologicexporter/prometheus_formatter.go:377.33,384.40 5 2
github.com/open-telemetry/opentelemetry-collector-contrib/exporter/sumologicexporter/prometheus_formatter.go:397.3,421.30 8 2
github.com/open-telemetry/opentelemetry-collector-contrib/exporter/sumologicexporter/prometheus_formatter.go:384.40,395.4 4 10
github.com/open-telemetry/opentelemetry-collector-contrib/exporter/sumologicexporter/prometheus_formatter.go:428.71,431.34 2 23
github.com/open-telemetry/opentelemetry-collector-contrib/exporter/sumologicexporter/prometheus_formatter.go:447.2,447.34 1 23
github.com/open-telemetry/opentelemetry-collector-contrib/exporter/sumologicexporter/prometheus_formatter.go:432.36,433.37 1 9
github.com/open-telemetry/opentelemetry-collector-contrib/exporter/sumologicexporter/prometheus_formatter.go:434.39,435.40 1 1
github.com/open-telemetry/opentelemetry-collector-contrib/exporter/sumologicexporter/prometheus_formatter.go:436.34,437.35 1 9
github.com/open-telemetry/opentelemetry-collector-contrib/exporter/sumologicexporter/prometheus_formatter.go:438.37,439.38 1 1
github.com/open-telemetry/opentelemetry-collector-contrib/exporter/sumologicexporter/prometheus_formatter.go:440.35,441.42 1 1
github.com/open-telemetry/opentelemetry-collector-contrib/exporter/sumologicexporter/prometheus_formatter.go:442.40,443.41 1 1
github.com/open-telemetry/opentelemetry-collector-contrib/exporter/sumologicexporter/prometheus_formatter.go:444.37,445.44 1 1
github.com/open-telemetry/opentelemetry-collector-contrib/exporter/sumologicexporter/source_format.go:43.66,49.32 4 272
github.com/open-telemetry/opentelemetry-collector-contrib/exporter/sumologicexporter/source_format.go:53.2,56.3 1 272
github.com/open-telemetry/opentelemetry-collector-contrib/exporter/sumologicexporter/source_format.go:49.32,51.3 1 13
github.com/open-telemetry/opentelemetry-collector-contrib/exporter/sumologicexporter/source_format.go:60.59,62.16 2 46
github.com/open-telemetry/opentelemetry-collector-contrib/exporter/sumologicexporter/source_format.go:66.2,70.8 1 46
github.com/open-telemetry/opentelemetry-collector-contrib/exporter/sumologicexporter/source_format.go:62.16,64.3 1 0
github.com/open-telemetry/opentelemetry-collector-contrib/exporter/sumologicexporter/source_format.go:75.48,78.37 2 98
github.com/open-telemetry/opentelemetry-collector-contrib/exporter/sumologicexporter/source_format.go:87.2,87.43 1 98
github.com/open-telemetry/opentelemetry-collector-contrib/exporter/sumologicexporter/source_format.go:78.37,80.9 2 7
github.com/open-telemetry/opentelemetry-collector-contrib/exporter/sumologicexporter/source_format.go:80.9,82.4 1 6
github.com/open-telemetry/opentelemetry-collector-contrib/exporter/sumologicexporter/source_format.go:82.9,84.4 1 1
github.com/open-telemetry/opentelemetry-collector-contrib/exporter/sumologicexporter/source_format.go:91.37,93.2 1 137
github.com/open-telemetry/opentelemetry-collector-contrib/exporter/sumologicexporter/test_data.go:21.36,40.2 12 16
github.com/open-telemetry/opentelemetry-collector-contrib/exporter/sumologicexporter/test_data.go:42.41,68.2 17 14
github.com/open-telemetry/opentelemetry-collector-contrib/exporter/sumologicexporter/test_data.go:70.44,96.2 17 3
github.com/open-telemetry/opentelemetry-collector-contrib/exporter/sumologicexporter/test_data.go:98.39,124.2 17 2
github.com/open-telemetry/opentelemetry-collector-contrib/exporter/sumologicexporter/test_data.go:126.42,152.2 17 3
github.com/open-telemetry/opentelemetry-collector-contrib/exporter/sumologicexporter/test_data.go:154.40,193.2 27 2
github.com/open-telemetry/opentelemetry-collector-contrib/exporter/sumologicexporter/test_data.go:195.45,227.2 23 2
github.com/open-telemetry/opentelemetry-collector-contrib/exporter/sumologicexporter/test_data.go:229.42,261.2 23 2
github.com/open-telemetry/opentelemetry-collector-contrib/exporter/sumologicexporter/test_data.go:263.57,266.30 3 7
github.com/open-telemetry/opentelemetry-collector-contrib/exporter/sumologicexporter/test_data.go:272.2,272.16 1 7
github.com/open-telemetry/opentelemetry-collector-contrib/exporter/sumologicexporter/test_data.go:266.30,270.3 3 12
github.com/open-telemetry/opentelemetry-collector-contrib/exporter/sumologicexporter/test_data.go:275.48,277.22 2 15
github.com/open-telemetry/opentelemetry-collector-contrib/exporter/sumologicexporter/test_data.go:280.2,280.27 1 15
github.com/open-telemetry/opentelemetry-collector-contrib/exporter/sumologicexporter/test_data.go:277.22,279.3 1 27
github.com/open-telemetry/opentelemetry-collector-contrib/exporter/sumologicexporter/carbon_formatter.go:29.49,32.50 2 15
github.com/open-telemetry/opentelemetry-collector-contrib/exporter/sumologicexporter/carbon_formatter.go:36.2,36.81 1 15
github.com/open-telemetry/opentelemetry-collector-contrib/exporter/sumologicexporter/carbon_formatter.go:40.2,41.67 2 15
github.com/open-telemetry/opentelemetry-collector-contrib/exporter/sumologicexporter/carbon_formatter.go:48.2,50.35 2 15
github.com/open-telemetry/opentelemetry-collector-contrib/exporter/sumologicexporter/carbon_formatter.go:54.2,54.39 1 15
github.com/open-telemetry/opentelemetry-collector-contrib/exporter/sumologicexporter/carbon_formatter.go:32.50,34.3 1 1
github.com/open-telemetry/opentelemetry-collector-contrib/exporter/sumologicexporter/carbon_formatter.go:36.81,38.3 1 1
github.com/open-telemetry/opentelemetry-collector-contrib/exporter/sumologicexporter/carbon_formatter.go:41.67,42.33 1 19
github.com/open-telemetry/opentelemetry-collector-contrib/exporter/sumologicexporter/carbon_formatter.go:45.3,45.111 1 19
github.com/open-telemetry/opentelemetry-collector-contrib/exporter/sumologicexporter/carbon_formatter.go:42.33,44.4 1 1
github.com/open-telemetry/opentelemetry-collector-contrib/exporter/sumologicexporter/carbon_formatter.go:50.35,52.3 1 2
github.com/open-telemetry/opentelemetry-collector-contrib/exporter/sumologicexporter/carbon_formatter.go:59.79,65.2 1 7
github.com/open-telemetry/opentelemetry-collector-contrib/exporter/sumologicexporter/carbon_formatter.go:69.85,75.2 1 4
github.com/open-telemetry/opentelemetry-collector-contrib/exporter/sumologicexporter/carbon_formatter.go:78.53,81.34 2 9
github.com/open-telemetry/opentelemetry-collector-contrib/exporter/sumologicexporter/carbon_formatter.go:112.2,112.38 1 9
github.com/open-telemetry/opentelemetry-collector-contrib/exporter/sumologicexporter/carbon_formatter.go:82.36,85.34 3 2
github.com/open-telemetry/opentelemetry-collector-contrib/exporter/sumologicexporter/carbon_formatter.go:88.34,91.34 3 2
github.com/open-telemetry/opentelemetry-collector-contrib/exporter/sumologicexporter/carbon_formatter.go:94.39,97.34 3 1
github.com/open-telemetry/opentelemetry-collector-contrib/exporter/sumologicexporter/carbon_formatter.go:100.37,103.34 3 1
github.com/open-telemetry/opentelemetry-collector-contrib/exporter/sumologicexporter/carbon_formatter.go:107.37,107.37 0 1
github.com/open-telemetry/opentelemetry-collector-contrib/exporter/sumologicexporter/carbon_formatter.go:108.40,108.40 0 1
github.com/open-telemetry/opentelemetry-collector-contrib/exporter/sumologicexporter/carbon_formatter.go:109.35,109.35 0 1
github.com/open-telemetry/opentelemetry-collector-contrib/exporter/sumologicexporter/carbon_formatter.go:85.34,87.4 1 4
github.com/open-telemetry/opentelemetry-collector-contrib/exporter/sumologicexporter/carbon_formatter.go:91.34,93.4 1 3
github.com/open-telemetry/opentelemetry-collector-contrib/exporter/sumologicexporter/carbon_formatter.go:97.34,99.4 1 2
github.com/open-telemetry/opentelemetry-collector-contrib/exporter/sumologicexporter/carbon_formatter.go:103.34,105.4 1 2
github.com/open-telemetry/opentelemetry-collector-contrib/exporter/sumologicexporter/config.go:68.70,72.2 1 1
github.com/open-telemetry/opentelemetry-collector-contrib/exporter/sumologicexporter/sender.go:77.41,81.2 1 2097202
github.com/open-telemetry/opentelemetry-collector-contrib/exporter/sumologicexporter/sender.go:90.11,99.2 1 51
github.com/open-telemetry/opentelemetry-collector-contrib/exporter/sumologicexporter/sender.go:102.102,104.16 2 49
github.com/open-telemetry/opentelemetry-collector-contrib/exporter/sumologicexporter/sender.go:107.2,108.16 2 48
github.com/open-telemetry/opentelemetry-collector-contrib/exporter/sumologicexporter/sender.go:113.2,113.35 1 46
github.com/open-telemetry/opentelemetry-collector-contrib/exporter/sumologicexporter/sender.go:123.2,125.28 2 45
github.com/open-telemetry/opentelemetry-collector-contrib/exporter/sumologicexporter/sender.go:129.2,129.28 1 45
github.com/open-telemetry/opentelemetry-collector-contrib/exporter/sumologicexporter/sender.go:133.2,133.32 1 45
github.com/open-telemetry/opentelemetry-collector-contrib/exporter/sumologicexporter/sender.go:137.2,137.18 1 45
github.com/open-telemetry/opentelemetry-collector-contrib/exporter/sumologicexporter/sender.go:154.2,155.16 2 43
github.com/open-telemetry/opentelemetry-collector-contrib/exporter/sumologicexporter/sender.go:158.2,158.53 1 42
github.com/open-telemetry/opentelemetry-collector-contrib/exporter/sumologicexporter/sender.go:161.2,161.12 1 27
github.com/open-telemetry/opentelemetry-collector-contrib/exporter/sumologicexporter/sender.go:104.16,106.3 1 1
github.com/open-telemetry/opentelemetry-collector-contrib/exporter/sumologicexporter/sender.go:108.16,110.3 1 2
github.com/open-telemetry/opentelemetry-collector-contrib/exporter/sumologicexporter/sender.go:114.23,115.61 1 1
github.com/open-telemetry/opentelemetry-collector-contrib/exporter/sumologicexporter/sender.go:116.26,117.64 1 1
github.com/open-telemetry/opentelemetry-collector-contrib/exporter/sumologicexporter/sender.go:118.21,118.21 0 43
github.com/open-telemetry/opentelemetry-collector-contrib/exporter/sumologicexporter/sender.go:119.10,120.79 1 1
github.com/open-telemetry/opentelemetry-collector-contrib/exporter/sumologicexporter/sender.go:125.28,127.3 1 32
github.com/open-telemetry/opentelemetry-collector-contrib/exporter/sumologicexporter/sender.go:129.28,131.3 1 32
github.com/open-telemetry/opentelemetry-collector-contrib/exporter/sumologicexporter/sender.go:133.32,135.3 1 32
github.com/open-telemetry/opentelemetry-collector-contrib/exporter/sumologicexporter/sender.go:138.20,140.46 2 29
github.com/open-telemetry/opentelemetry-collector-contrib/exporter/sumologicexporter/sender.go:141.23,142.32 1 15
github.com/open-telemetry/opentelemetry-collector-contrib/exporter/sumologicexporter/sender.go:150.10,151.43 1 1
github.com/open-telemetry/opentelemetry-collector-contrib/exporter/sumologicexporter/sender.go:143.25,144.60 1 13
github.com/open-telemetry/opentelemetry-collector-contrib/exporter/sumologicexporter/sender.go:145.22,146.57 1 1
github.com/open-telemetry/opentelemetry-collector-contrib/exporter/sumologicexporter/sender.go:147.11,148.78 1 1
github.com/open-telemetry/opentelemetry-collector-contrib/exporter/sumologicexporter/sender.go:155.16,157.3 1 1
github.com/open-telemetry/opentelemetry-collector-contrib/exporter/sumologicexporter/sender.go:158.53,160.3 1 15
github.com/open-telemetry/opentelemetry-collector-contrib/exporter/sumologicexporter/sender.go:165.59,167.2 1 2097174
github.com/open-telemetry/opentelemetry-collector-contrib/exporter/sumologicexporter/sender.go:170.68,175.16 4 10
github.com/open-telemetry/opentelemetry-collector-contrib/exporter/sumologicexporter/sender.go:179.2,179.48 1 10
github.com/open-telemetry/opentelemetry-collector-contrib/exporter/sumologicexporter/sender.go:175.16,177.3 1 0
github.com/open-telemetry/opentelemetry-collector-contrib/exporter/sumologicexporter/sender.go:185.88,193.37 2 24
github.com/open-telemetry/opentelemetry-collector-contrib/exporter/sumologicexporter/sender.go:235.2,235.20 1 24
github.com/open-telemetry/opentelemetry-collector-contrib/exporter/sumologicexporter/sender.go:242.2,242.19 1 24
github.com/open-telemetry/opentelemetry-collector-contrib/exporter/sumologicexporter/sender.go:245.2,245.28 1 13
github.com/open-telemetry/opentelemetry-collector-contrib/exporter/sumologicexporter/sender.go:193.37,197.29 3 2097186
github.com/open-telemetry/opentelemetry-collector-contrib/exporter/sumologicexporter/sender.go:206.3,206.17 1 2097186
github.com/open-telemetry/opentelemetry-collector-contrib/exporter/sumologicexporter/sender.go:212.3,213.17 2 2097184
github.com/open-telemetry/opentelemetry-collector-contrib/exporter/sumologicexporter/sender.go:225.3,225.14 1 2097184
github.com/open-telemetry/opentelemetry-collector-contrib/exporter/sumologicexporter/sender.go:230.3,230.18 1 2097184
github.com/open-telemetry/opentelemetry-collector-contrib/exporter/sumologicexporter/sender.go:198.19,199.39 1 2097174
github.com/open-telemetry/opentelemetry-collector-contrib/exporter/sumologicexporter/sender.go:200.19,201.44 1 10
github.com/open-telemetry/opentelemetry-collector-contrib/exporter/sumologicexporter/sender.go:202.11,203.45 1 2
github.com/open-telemetry/opentelemetry-collector-contrib/exporter/sumologicexporter/sender.go:206.17,209.12 3 2
github.com/open-telemetry/opentelemetry-collector-contrib/exporter/sumologicexporter/sender.go:213.17,215.15 2 4
github.com/open-telemetry/opentelemetry-collector-contrib/exporter/sumologicexporter/sender.go:219.4,219.20 1 4
github.com/open-telemetry/opentelemetry-collector-contrib/exporter/sumologicexporter/sender.go:215.15,217.5 1 4
github.com/open-telemetry/opentelemetry-collector-contrib/exporter/sumologicexporter/sender.go:219.20,221.5 1 0
github.com/open-telemetry/opentelemetry-collector-contrib/exporter/sumologicexporter/sender.go:225.14,227.4 1 6
github.com/open-telemetry/opentelemetry-collector-contrib/exporter/sumologicexporter/sender.go:230.18,232.4 1 2097184
github.com/open-telemetry/opentelemetry-collector-contrib/exporter/sumologicexporter/sender.go:235.20,236.91 1 23
github.com/open-telemetry/opentelemetry-collector-contrib/exporter/sumologicexporter/sender.go:236.91,239.4 2 8
github.com/open-telemetry/opentelemetry-collector-contrib/exporter/sumologicexporter/sender.go:242.19,244.3 1 11
github.com/open-telemetry/opentelemetry-collector-contrib/exporter/sumologicexporter/sender.go:249.86,257.40 2 11
github.com/open-telemetry/opentelemetry-collector-contrib/exporter/sumologicexporter/sender.go:299.2,299.20 1 11
github.com/open-telemetry/opentelemetry-collector-contrib/exporter/sumologicexporter/sender.go:306.2,306.19 1 11
github.com/open-telemetry/opentelemetry-collector-contrib/exporter/sumologicexporter/sender.go:309.2,309.28 1 5
github.com/open-telemetry/opentelemetry-collector-contrib/exporter/sumologicexporter/sender.go:257.40,261.32 3 19
github.com/open-telemetry/opentelemetry-collector-contrib/exporter/sumologicexporter/sender.go:270.3,270.17 1 19
github.com/open-telemetry/opentelemetry-collector-contrib/exporter/sumologicexporter/sender.go:276.3,277.17 2 18
github.com/open-telemetry/opentelemetry-collector-contrib/exporter/sumologicexporter/sender.go:289.3,289.14 1 18
github.com/open-telemetry/opentelemetry-collector-contrib/exporter/sumologicexporter/sender.go:294.3,294.18 1 18
github.com/open-telemetry/opentelemetry-collector-contrib/exporter/sumologicexporter/sender.go:262.25,263.63 1 16
github.com/open-telemetry/opentelemetry-collector-contrib/exporter/sumologicexporter/sender.go:264.22,265.48 1 2
github.com/open-telemetry/opentelemetry-collector-contrib/exporter/sumologicexporter/sender.go:266.11,267.75 1 1
github.com/open-telemetry/opentelemetry-collector-contrib/exporter/sumologicexporter/sender.go:270.17,273.12 3 1
github.com/open-telemetry/opentelemetry-collector-contrib/exporter/sumologicexporter/sender.go:277.17,279.15 2 3
github.com/open-telemetry/opentelemetry-collector-contrib/exporter/sumologicexporter/sender.go:283.4,283.20 1 3
github.com/open-telemetry/opentelemetry-collector-contrib/exporter/sumologicexporter/sender.go:279.15,281.5 1 3
github.com/open-telemetry/opentelemetry-collector-contrib/exporter/sumologicexporter/sender.go:283.20,285.5 1 0
github.com/open-telemetry/opentelemetry-collector-contrib/exporter/sumologicexporter/sender.go:289.14,291.4 1 4
github.com/open-telemetry/opentelemetry-collector-contrib/exporter/sumologicexporter/sender.go:294.18,296.4 1 18
github.com/open-telemetry/opentelemetry-collector-contrib/exporter/sumologicexporter/sender.go:299.20,300.94 1 10
github.com/open-telemetry/opentelemetry-collector-contrib/exporter/sumologicexporter/sender.go:300.94,303.4 2 3
github.com/open-telemetry/opentelemetry-collector-contrib/exporter/sumologicexporter/sender.go:306.19,308.3 1 6
github.com/open-telemetry/opentelemetry-collector-contrib/exporter/sumologicexporter/sender.go:321.27,325.75 3 2097202
github.com/open-telemetry/opentelemetry-collector-contrib/exporter/sumologicexporter/sender.go:333.2,333.20 1 2097202
github.com/open-telemetry/opentelemetry-collector-contrib/exporter/sumologicexporter/sender.go:341.2,341.17 1 2097202
github.com/open-telemetry/opentelemetry-collector-contrib/exporter/sumologicexporter/sender.go:349.2,349.21 1 2097202
github.com/open-telemetry/opentelemetry-collector-contrib/exporter/sumologicexporter/sender.go:352.2,352.16 1 2097195
github.com/open-telemetry/opentelemetry-collector-contrib/exporter/sumologicexporter/sender.go:325.75,327.87 2 10
github.com/open-telemetry/opentelemetry-collector-contrib/exporter/sumologicexporter/sender.go:330.3,330.15 1 10
github.com/open-telemetry/opentelemetry-collector-contrib/exporter/sumologicexporter/sender.go:327.87,329.4 1 7
github.com/open-telemetry/opentelemetry-collector-contrib/exporter/sumologicexporter/sender.go:333.20,335.51 1 2097159
github.com/open-telemetry/opentelemetry-collector-contrib/exporter/sumologicexporter/sender.go:335.51,338.4 2 0
github.com/open-telemetry/opentelemetry-collector-contrib/exporter/sumologicexporter/sender.go:341.17,343.51 1 2097202
github.com/open-telemetry/opentelemetry-collector-contrib/exporter/sumologicexporter/sender.go:343.51,346.4 2 0
github.com/open-telemetry/opentelemetry-collector-contrib/exporter/sumologicexporter/sender.go:349.21,351.3 1 7
github.com/open-telemetry/opentelemetry-collector-contrib/exporter/sumologicexporter/sender.go:356.36,358.2 1 4
github.com/open-telemetry/opentelemetry-collector-contrib/exporter/sumologicexporter/sender.go:362.113,365.36 2 2097161
github.com/open-telemetry/opentelemetry-collector-contrib/exporter/sumologicexporter/sender.go:371.2,371.17 1 2097159
github.com/open-telemetry/opentelemetry-collector-contrib/exporter/sumologicexporter/sender.go:365.36,369.3 3 2
github.com/open-telemetry/opentelemetry-collector-contrib/exporter/sumologicexporter/sender.go:375.34,377.2 1 3145742
github.com/open-telemetry/opentelemetry-collector-contrib/exporter/sumologicexporter/sender.go:380.38,382.2 1 2
github.com/open-telemetry/opentelemetry-collector-contrib/exporter/sumologicexporter/sender.go:386.109,389.39 2 10
github.com/open-telemetry/opentelemetry-collector-contrib/exporter/sumologicexporter/sender.go:395.2,395.17 1 10
github.com/open-telemetry/opentelemetry-collector-contrib/exporter/sumologicexporter/sender.go:389.39,393.3 3 0
github.com/open-telemetry/opentelemetry-collector-contrib/exporter/sumologicexporter/sender.go:399.37,401.2 1 14
