mode: atomic
github.com/open-telemetry/opentelemetry-collector-contrib/receiver/telegrafreceiver/converter.go:36.55,40.2 1 6
github.com/open-telemetry/opentelemetry-collector-contrib/receiver/telegrafreceiver/converter.go:43.77,50.32 5 6
github.com/open-telemetry/opentelemetry-collector-contrib/receiver/telegrafreceiver/converter.go:54.2,65.26 8 6
github.com/open-telemetry/opentelemetry-collector-contrib/receiver/telegrafreceiver/converter.go:125.2,125.16 1 6
github.com/open-telemetry/opentelemetry-collector-contrib/receiver/telegrafreceiver/converter.go:50.32,52.3 1 0
github.com/open-telemetry/opentelemetry-collector-contrib/receiver/telegrafreceiver/converter.go:66.22,67.35 1 6
github.com/open-telemetry/opentelemetry-collector-contrib/receiver/telegrafreceiver/converter.go:112.24,113.82 1 0
github.com/open-telemetry/opentelemetry-collector-contrib/receiver/telegrafreceiver/converter.go:114.24,115.82 1 0
github.com/open-telemetry/opentelemetry-collector-contrib/receiver/telegrafreceiver/converter.go:116.24,117.82 1 0
github.com/open-telemetry/opentelemetry-collector-contrib/receiver/telegrafreceiver/converter.go:118.26,119.84 1 0
github.com/open-telemetry/opentelemetry-collector-contrib/receiver/telegrafreceiver/converter.go:121.10,122.67 1 0
github.com/open-telemetry/opentelemetry-collector-contrib/receiver/telegrafreceiver/converter.go:67.35,70.24 2 11
github.com/open-telemetry/opentelemetry-collector-contrib/receiver/telegrafreceiver/converter.go:76.4,76.31 1 11
github.com/open-telemetry/opentelemetry-collector-contrib/receiver/telegrafreceiver/converter.go:109.4,109.22 1 11
github.com/open-telemetry/opentelemetry-collector-contrib/receiver/telegrafreceiver/converter.go:70.24,72.5 1 4
github.com/open-telemetry/opentelemetry-collector-contrib/receiver/telegrafreceiver/converter.go:72.10,74.5 1 7
github.com/open-telemetry/opentelemetry-collector-contrib/receiver/telegrafreceiver/converter.go:77.17,84.25 7 3
github.com/open-telemetry/opentelemetry-collector-contrib/receiver/telegrafreceiver/converter.go:88.23,93.27 5 8
github.com/open-telemetry/opentelemetry-collector-contrib/receiver/telegrafreceiver/converter.go:100.5,101.25 2 8
github.com/open-telemetry/opentelemetry-collector-contrib/receiver/telegrafreceiver/converter.go:105.12,107.69 1 0
github.com/open-telemetry/opentelemetry-collector-contrib/receiver/telegrafreceiver/converter.go:84.25,86.6 1 1
github.com/open-telemetry/opentelemetry-collector-contrib/receiver/telegrafreceiver/converter.go:94.16,95.21 1 0
github.com/open-telemetry/opentelemetry-collector-contrib/receiver/telegrafreceiver/converter.go:96.17,97.28 1 8
github.com/open-telemetry/opentelemetry-collector-contrib/receiver/telegrafreceiver/converter.go:101.25,103.6 1 3
github.com/open-telemetry/opentelemetry-collector-contrib/receiver/telegrafreceiver/factory.go:36.45,42.2 1 0
github.com/open-telemetry/opentelemetry-collector-contrib/receiver/telegrafreceiver/factory.go:44.44,52.2 1 0
github.com/open-telemetry/opentelemetry-collector-contrib/receiver/telegrafreceiver/factory.go:60.38,62.9 2 0
github.com/open-telemetry/opentelemetry-collector-contrib/receiver/telegrafreceiver/factory.go:66.2,67.73 2 0
github.com/open-telemetry/opentelemetry-collector-contrib/receiver/telegrafreceiver/factory.go:70.2,71.16 2 0
github.com/open-telemetry/opentelemetry-collector-contrib/receiver/telegrafreceiver/factory.go:75.2,80.8 1 0
github.com/open-telemetry/opentelemetry-collector-contrib/receiver/telegrafreceiver/factory.go:62.9,64.3 1 0
github.com/open-telemetry/opentelemetry-collector-contrib/receiver/telegrafreceiver/factory.go:67.73,69.3 1 0
github.com/open-telemetry/opentelemetry-collector-contrib/receiver/telegrafreceiver/factory.go:71.16,73.3 1 0
github.com/open-telemetry/opentelemetry-collector-contrib/receiver/telegrafreceiver/receiver.go:47.82,54.24 5 0
github.com/open-telemetry/opentelemetry-collector-contrib/receiver/telegrafreceiver/receiver.go:104.2,104.12 1 0
github.com/open-telemetry/opentelemetry-collector-contrib/receiver/telegrafreceiver/receiver.go:54.24,60.13 5 0
github.com/open-telemetry/opentelemetry-collector-contrib/receiver/telegrafreceiver/receiver.go:66.3,67.13 2 0
github.com/open-telemetry/opentelemetry-collector-contrib/receiver/telegrafreceiver/receiver.go:60.13,61.61 1 0
github.com/open-telemetry/opentelemetry-collector-contrib/receiver/telegrafreceiver/receiver.go:61.61,63.5 1 0
github.com/open-telemetry/opentelemetry-collector-contrib/receiver/telegrafreceiver/receiver.go:67.13,70.8 3 0
github.com/open-telemetry/opentelemetry-collector-contrib/receiver/telegrafreceiver/receiver.go:70.8,71.12 1 0
github.com/open-telemetry/opentelemetry-collector-contrib/receiver/telegrafreceiver/receiver.go:72.24,73.12 1 0
github.com/open-telemetry/opentelemetry-collector-contrib/receiver/telegrafreceiver/receiver.go:75.24,76.13 1 0
github.com/open-telemetry/opentelemetry-collector-contrib/receiver/telegrafreceiver/receiver.go:80.6,80.18 1 0
github.com/open-telemetry/opentelemetry-collector-contrib/receiver/telegrafreceiver/receiver.go:85.6,86.62 2 0
github.com/open-telemetry/opentelemetry-collector-contrib/receiver/telegrafreceiver/receiver.go:94.6,94.64 1 0
github.com/open-telemetry/opentelemetry-collector-contrib/receiver/telegrafreceiver/receiver.go:76.13,79.7 2 0
github.com/open-telemetry/opentelemetry-collector-contrib/receiver/telegrafreceiver/receiver.go:80.18,82.12 2 0
github.com/open-telemetry/opentelemetry-collector-contrib/receiver/telegrafreceiver/receiver.go:86.62,91.15 2 0
github.com/open-telemetry/opentelemetry-collector-contrib/receiver/telegrafreceiver/receiver.go:94.64,98.7 1 0
github.com/open-telemetry/opentelemetry-collector-contrib/receiver/telegrafreceiver/receiver.go:108.60,113.23 4 0
github.com/open-telemetry/opentelemetry-collector-contrib/receiver/telegrafreceiver/receiver.go:119.2,119.12 1 0
github.com/open-telemetry/opentelemetry-collector-contrib/receiver/telegrafreceiver/receiver.go:113.23,118.3 4 0
