mode: atomic
github.com/open-telemetry/opentelemetry-collector-contrib/processor/k8sprocessor/observability/observability.go:27.13,38.2 1 1
github.com/open-telemetry/opentelemetry-collector-contrib/processor/k8sprocessor/observability/observability.go:109.25,111.2 1 1
github.com/open-telemetry/opentelemetry-collector-contrib/processor/k8sprocessor/observability/observability.go:114.23,116.2 1 1
github.com/open-telemetry/opentelemetry-collector-contrib/processor/k8sprocessor/observability/observability.go:119.25,121.2 1 1
github.com/open-telemetry/opentelemetry-collector-contrib/processor/k8sprocessor/observability/observability.go:124.27,126.2 1 0
github.com/open-telemetry/opentelemetry-collector-contrib/processor/k8sprocessor/observability/observability.go:129.25,131.2 1 0
github.com/open-telemetry/opentelemetry-collector-contrib/processor/k8sprocessor/observability/observability.go:134.27,136.2 1 0
github.com/open-telemetry/opentelemetry-collector-contrib/processor/k8sprocessor/observability/observability.go:139.27,141.2 1 1
github.com/open-telemetry/opentelemetry-collector-contrib/processor/k8sprocessor/observability/observability.go:144.45,146.2 1 0
github.com/open-telemetry/opentelemetry-collector-contrib/processor/k8sprocessor/kube/fake_owner.go:38.38,53.2 6 1
github.com/open-telemetry/opentelemetry-collector-contrib/processor/k8sprocessor/kube/fake_owner.go:56.36,56.37 0 0
github.com/open-telemetry/opentelemetry-collector-contrib/processor/k8sprocessor/kube/fake_owner.go:59.35,59.36 0 0
github.com/open-telemetry/opentelemetry-collector-contrib/processor/k8sprocessor/kube/fake_owner.go:62.65,64.2 1 1
github.com/open-telemetry/opentelemetry-collector-contrib/processor/k8sprocessor/kube/fake_owner.go:67.75,75.2 2 1
github.com/open-telemetry/opentelemetry-collector-contrib/processor/k8sprocessor/kube/fake_owner.go:78.69,82.41 2 2
github.com/open-telemetry/opentelemetry-collector-contrib/processor/k8sprocessor/kube/fake_owner.go:89.2,89.21 1 2
github.com/open-telemetry/opentelemetry-collector-contrib/processor/k8sprocessor/kube/fake_owner.go:82.41,84.12 2 2
github.com/open-telemetry/opentelemetry-collector-contrib/processor/k8sprocessor/kube/fake_owner.go:84.12,86.4 1 2
github.com/open-telemetry/opentelemetry-collector-contrib/processor/k8sprocessor/kube/informer.go:44.24,54.2 2 2
github.com/open-telemetry/opentelemetry-collector-contrib/processor/k8sprocessor/kube/informer.go:56.138,57.63 1 3
github.com/open-telemetry/opentelemetry-collector-contrib/processor/k8sprocessor/kube/informer.go:57.63,61.3 3 1
github.com/open-telemetry/opentelemetry-collector-contrib/processor/k8sprocessor/kube/informer.go:65.140,66.64 1 3
github.com/open-telemetry/opentelemetry-collector-contrib/processor/k8sprocessor/kube/informer.go:66.64,70.3 3 1
github.com/open-telemetry/opentelemetry-collector-contrib/processor/k8sprocessor/kube/kube.go:169.51,187.2 17 4
github.com/open-telemetry/opentelemetry-collector-contrib/processor/k8sprocessor/kube/owner.go:76.31,78.40 2 0
github.com/open-telemetry/opentelemetry-collector-contrib/processor/k8sprocessor/kube/owner.go:78.40,80.3 1 0
github.com/open-telemetry/opentelemetry-collector-contrib/processor/k8sprocessor/kube/owner.go:84.30,86.2 1 0
github.com/open-telemetry/opentelemetry-collector-contrib/processor/k8sprocessor/kube/owner.go:93.38,105.66 8 0
github.com/open-telemetry/opentelemetry-collector-contrib/processor/k8sprocessor/kube/owner.go:110.2,132.25 6 0
github.com/open-telemetry/opentelemetry-collector-contrib/processor/k8sprocessor/kube/owner.go:105.66,108.4 2 0
github.com/open-telemetry/opentelemetry-collector-contrib/processor/k8sprocessor/kube/owner.go:135.56,140.2 4 0
github.com/open-telemetry/opentelemetry-collector-contrib/processor/k8sprocessor/kube/owner.go:142.56,147.2 4 0
github.com/open-telemetry/opentelemetry-collector-contrib/processor/k8sprocessor/kube/owner.go:149.85,152.34 2 0
github.com/open-telemetry/opentelemetry-collector-contrib/processor/k8sprocessor/kube/owner.go:166.2,166.47 1 0
github.com/open-telemetry/opentelemetry-collector-contrib/processor/k8sprocessor/kube/owner.go:152.34,155.4 2 0
github.com/open-telemetry/opentelemetry-collector-contrib/processor/k8sprocessor/kube/owner.go:156.40,159.4 2 0
github.com/open-telemetry/opentelemetry-collector-contrib/processor/k8sprocessor/kube/owner.go:160.37,163.4 2 0
github.com/open-telemetry/opentelemetry-collector-contrib/processor/k8sprocessor/kube/owner.go:173.36,175.34 1 0
github.com/open-telemetry/opentelemetry-collector-contrib/processor/k8sprocessor/kube/owner.go:189.2,189.47 1 0
github.com/open-telemetry/opentelemetry-collector-contrib/processor/k8sprocessor/kube/owner.go:175.34,178.4 2 0
github.com/open-telemetry/opentelemetry-collector-contrib/processor/k8sprocessor/kube/owner.go:179.40,182.4 2 0
github.com/open-telemetry/opentelemetry-collector-contrib/processor/k8sprocessor/kube/owner.go:183.37,186.4 2 0
github.com/open-telemetry/opentelemetry-collector-contrib/processor/k8sprocessor/kube/owner.go:192.53,196.2 3 0
github.com/open-telemetry/opentelemetry-collector-contrib/processor/k8sprocessor/kube/owner.go:198.65,208.47 3 0
github.com/open-telemetry/opentelemetry-collector-contrib/processor/k8sprocessor/kube/owner.go:212.2,214.39 3 0
github.com/open-telemetry/opentelemetry-collector-contrib/processor/k8sprocessor/kube/owner.go:208.47,210.3 1 0
github.com/open-telemetry/opentelemetry-collector-contrib/processor/k8sprocessor/kube/owner.go:217.69,222.30 4 0
github.com/open-telemetry/opentelemetry-collector-contrib/processor/k8sprocessor/kube/owner.go:228.2,233.32 5 0
github.com/open-telemetry/opentelemetry-collector-contrib/processor/k8sprocessor/kube/owner.go:222.30,223.21 1 0
github.com/open-telemetry/opentelemetry-collector-contrib/processor/k8sprocessor/kube/owner.go:223.21,225.4 1 0
github.com/open-telemetry/opentelemetry-collector-contrib/processor/k8sprocessor/kube/owner.go:236.74,243.30 5 0
github.com/open-telemetry/opentelemetry-collector-contrib/processor/k8sprocessor/kube/owner.go:249.2,251.35 3 0
github.com/open-telemetry/opentelemetry-collector-contrib/processor/k8sprocessor/kube/owner.go:243.30,244.21 1 0
github.com/open-telemetry/opentelemetry-collector-contrib/processor/k8sprocessor/kube/owner.go:244.21,246.4 1 0
github.com/open-telemetry/opentelemetry-collector-contrib/processor/k8sprocessor/kube/owner.go:254.106,257.32 2 0
github.com/open-telemetry/opentelemetry-collector-contrib/processor/k8sprocessor/kube/owner.go:257.32,258.37 1 0
github.com/open-telemetry/opentelemetry-collector-contrib/processor/k8sprocessor/kube/owner.go:263.3,263.45 1 0
github.com/open-telemetry/opentelemetry-collector-contrib/processor/k8sprocessor/kube/owner.go:258.37,259.61 1 0
github.com/open-telemetry/opentelemetry-collector-contrib/processor/k8sprocessor/kube/owner.go:259.61,261.5 1 0
github.com/open-telemetry/opentelemetry-collector-contrib/processor/k8sprocessor/kube/owner.go:263.45,264.61 1 0
github.com/open-telemetry/opentelemetry-collector-contrib/processor/k8sprocessor/kube/owner.go:264.61,266.5 1 0
github.com/open-telemetry/opentelemetry-collector-contrib/processor/k8sprocessor/kube/owner.go:271.55,273.2 1 0
github.com/open-telemetry/opentelemetry-collector-contrib/processor/k8sprocessor/kube/owner.go:275.67,277.2 1 0
github.com/open-telemetry/opentelemetry-collector-contrib/processor/k8sprocessor/kube/owner.go:280.71,282.11 2 0
github.com/open-telemetry/opentelemetry-collector-contrib/processor/k8sprocessor/kube/owner.go:285.2,285.12 1 0
github.com/open-telemetry/opentelemetry-collector-contrib/processor/k8sprocessor/kube/owner.go:282.11,284.3 1 0
github.com/open-telemetry/opentelemetry-collector-contrib/processor/k8sprocessor/kube/owner.go:289.61,294.11 4 0
github.com/open-telemetry/opentelemetry-collector-contrib/processor/k8sprocessor/kube/owner.go:297.2,297.19 1 0
github.com/open-telemetry/opentelemetry-collector-contrib/processor/k8sprocessor/kube/owner.go:294.11,296.3 1 0
github.com/open-telemetry/opentelemetry-collector-contrib/processor/k8sprocessor/kube/owner.go:301.65,307.41 4 0
github.com/open-telemetry/opentelemetry-collector-contrib/processor/k8sprocessor/kube/owner.go:314.2,314.21 1 0
github.com/open-telemetry/opentelemetry-collector-contrib/processor/k8sprocessor/kube/owner.go:333.2,333.21 1 0
github.com/open-telemetry/opentelemetry-collector-contrib/processor/k8sprocessor/kube/owner.go:307.41,308.52 1 0
github.com/open-telemetry/opentelemetry-collector-contrib/processor/k8sprocessor/kube/owner.go:308.52,311.4 2 0
github.com/open-telemetry/opentelemetry-collector-contrib/processor/k8sprocessor/kube/owner.go:314.21,320.12 5 0
github.com/open-telemetry/opentelemetry-collector-contrib/processor/k8sprocessor/kube/owner.go:330.3,330.26 1 0
github.com/open-telemetry/opentelemetry-collector-contrib/processor/k8sprocessor/kube/owner.go:320.12,323.42 2 0
github.com/open-telemetry/opentelemetry-collector-contrib/processor/k8sprocessor/kube/owner.go:323.42,324.56 1 0
github.com/open-telemetry/opentelemetry-collector-contrib/processor/k8sprocessor/kube/owner.go:324.56,327.6 2 0
github.com/open-telemetry/opentelemetry-collector-contrib/processor/k8sprocessor/kube/client.go:61.243,73.25 4 21
github.com/open-telemetry/opentelemetry-collector-contrib/processor/k8sprocessor/kube/client.go:77.2,78.16 2 21
github.com/open-telemetry/opentelemetry-collector-contrib/processor/k8sprocessor/kube/client.go:81.2,84.16 3 19
github.com/open-telemetry/opentelemetry-collector-contrib/processor/k8sprocessor/kube/client.go:88.2,88.32 1 18
github.com/open-telemetry/opentelemetry-collector-contrib/processor/k8sprocessor/kube/client.go:99.2,104.24 2 18
github.com/open-telemetry/opentelemetry-collector-contrib/processor/k8sprocessor/kube/client.go:108.2,109.15 2 18
github.com/open-telemetry/opentelemetry-collector-contrib/processor/k8sprocessor/kube/client.go:73.25,75.3 1 1
github.com/open-telemetry/opentelemetry-collector-contrib/processor/k8sprocessor/kube/client.go:78.16,80.3 1 2
github.com/open-telemetry/opentelemetry-collector-contrib/processor/k8sprocessor/kube/client.go:84.16,86.3 1 1
github.com/open-telemetry/opentelemetry-collector-contrib/processor/k8sprocessor/kube/client.go:88.32,89.34 1 1
github.com/open-telemetry/opentelemetry-collector-contrib/processor/k8sprocessor/kube/client.go:93.3,94.17 2 1
github.com/open-telemetry/opentelemetry-collector-contrib/processor/k8sprocessor/kube/client.go:89.34,91.4 1 0
github.com/open-telemetry/opentelemetry-collector-contrib/processor/k8sprocessor/kube/client.go:94.17,96.4 1 0
github.com/open-telemetry/opentelemetry-collector-contrib/processor/k8sprocessor/kube/client.go:104.24,106.3 1 1
github.com/open-telemetry/opentelemetry-collector-contrib/processor/k8sprocessor/kube/client.go:113.31,114.17 1 1
github.com/open-telemetry/opentelemetry-collector-contrib/processor/k8sprocessor/kube/client.go:118.2,123.26 2 1
github.com/open-telemetry/opentelemetry-collector-contrib/processor/k8sprocessor/kube/client.go:114.17,116.3 1 0
github.com/open-telemetry/opentelemetry-collector-contrib/processor/k8sprocessor/kube/client.go:127.30,130.17 2 1
github.com/open-telemetry/opentelemetry-collector-contrib/processor/k8sprocessor/kube/client.go:130.17,132.3 1 0
github.com/open-telemetry/opentelemetry-collector-contrib/processor/k8sprocessor/kube/client.go:135.53,137.38 2 25
github.com/open-telemetry/opentelemetry-collector-contrib/processor/k8sprocessor/kube/client.go:142.2,143.55 2 25
github.com/open-telemetry/opentelemetry-collector-contrib/processor/k8sprocessor/kube/client.go:137.38,139.3 1 24
github.com/open-telemetry/opentelemetry-collector-contrib/processor/k8sprocessor/kube/client.go:139.8,141.3 1 1
github.com/open-telemetry/opentelemetry-collector-contrib/processor/k8sprocessor/kube/client.go:146.61,148.38 2 5
github.com/open-telemetry/opentelemetry-collector-contrib/processor/k8sprocessor/kube/client.go:154.2,155.55 2 5
github.com/open-telemetry/opentelemetry-collector-contrib/processor/k8sprocessor/kube/client.go:148.38,151.3 1 4
github.com/open-telemetry/opentelemetry-collector-contrib/processor/k8sprocessor/kube/client.go:151.8,153.3 1 1
github.com/open-telemetry/opentelemetry-collector-contrib/processor/k8sprocessor/kube/client.go:158.56,160.38 2 8
github.com/open-telemetry/opentelemetry-collector-contrib/processor/k8sprocessor/kube/client.go:165.2,166.55 2 8
github.com/open-telemetry/opentelemetry-collector-contrib/processor/k8sprocessor/kube/client.go:160.38,162.3 1 7
github.com/open-telemetry/opentelemetry-collector-contrib/processor/k8sprocessor/kube/client.go:162.8,164.3 1 1
github.com/open-telemetry/opentelemetry-collector-contrib/processor/k8sprocessor/kube/client.go:169.85,173.6 1 22
github.com/open-telemetry/opentelemetry-collector-contrib/processor/k8sprocessor/kube/client.go:173.6,174.10 1 517
github.com/open-telemetry/opentelemetry-collector-contrib/processor/k8sprocessor/kube/client.go:175.31,179.36 4 495
github.com/open-telemetry/opentelemetry-collector-contrib/processor/k8sprocessor/kube/client.go:185.4,190.31 5 495
github.com/open-telemetry/opentelemetry-collector-contrib/processor/k8sprocessor/kube/client.go:199.4,201.16 3 495
github.com/open-telemetry/opentelemetry-collector-contrib/processor/k8sprocessor/kube/client.go:203.19,204.10 1 3
github.com/open-telemetry/opentelemetry-collector-contrib/processor/k8sprocessor/kube/client.go:179.36,180.41 1 416
github.com/open-telemetry/opentelemetry-collector-contrib/processor/k8sprocessor/kube/client.go:183.5,183.19 1 1
github.com/open-telemetry/opentelemetry-collector-contrib/processor/k8sprocessor/kube/client.go:180.41,181.11 1 415
github.com/open-telemetry/opentelemetry-collector-contrib/processor/k8sprocessor/kube/client.go:190.31,191.34 1 1
github.com/open-telemetry/opentelemetry-collector-contrib/processor/k8sprocessor/kube/client.go:191.34,194.29 1 1
github.com/open-telemetry/opentelemetry-collector-contrib/processor/k8sprocessor/kube/client.go:194.29,196.7 1 1
github.com/open-telemetry/opentelemetry-collector-contrib/processor/k8sprocessor/kube/client.go:210.69,214.8 4 22
github.com/open-telemetry/opentelemetry-collector-contrib/processor/k8sprocessor/kube/client.go:220.2,221.19 2 8
github.com/open-telemetry/opentelemetry-collector-contrib/processor/k8sprocessor/kube/client.go:214.8,215.17 1 14
github.com/open-telemetry/opentelemetry-collector-contrib/processor/k8sprocessor/kube/client.go:218.3,218.17 1 13
github.com/open-telemetry/opentelemetry-collector-contrib/processor/k8sprocessor/kube/client.go:215.17,217.4 1 1
github.com/open-telemetry/opentelemetry-collector-contrib/processor/k8sprocessor/kube/client.go:224.79,226.21 2 27
github.com/open-telemetry/opentelemetry-collector-contrib/processor/k8sprocessor/kube/client.go:230.2,230.23 1 27
github.com/open-telemetry/opentelemetry-collector-contrib/processor/k8sprocessor/kube/client.go:234.2,234.23 1 27
github.com/open-telemetry/opentelemetry-collector-contrib/processor/k8sprocessor/kube/client.go:241.2,241.20 1 27
github.com/open-telemetry/opentelemetry-collector-contrib/processor/k8sprocessor/kube/client.go:246.2,246.28 1 27
github.com/open-telemetry/opentelemetry-collector-contrib/processor/k8sprocessor/kube/client.go:254.2,254.22 1 27
github.com/open-telemetry/opentelemetry-collector-contrib/processor/k8sprocessor/kube/client.go:258.2,258.22 1 27
github.com/open-telemetry/opentelemetry-collector-contrib/processor/k8sprocessor/kube/client.go:269.2,269.25 1 27
github.com/open-telemetry/opentelemetry-collector-contrib/processor/k8sprocessor/kube/client.go:276.2,276.32 1 27
github.com/open-telemetry/opentelemetry-collector-contrib/processor/k8sprocessor/kube/client.go:306.2,306.43 1 27
github.com/open-telemetry/opentelemetry-collector-contrib/processor/k8sprocessor/kube/client.go:313.2,313.34 1 27
github.com/open-telemetry/opentelemetry-collector-contrib/processor/k8sprocessor/kube/client.go:324.2,324.20 1 27
github.com/open-telemetry/opentelemetry-collector-contrib/processor/k8sprocessor/kube/client.go:328.2,328.35 1 27
github.com/open-telemetry/opentelemetry-collector-contrib/processor/k8sprocessor/kube/client.go:332.2,332.68 1 27
github.com/open-telemetry/opentelemetry-collector-contrib/processor/k8sprocessor/kube/client.go:341.2,341.40 1 27
github.com/open-telemetry/opentelemetry-collector-contrib/processor/k8sprocessor/kube/client.go:344.2,344.13 1 27
github.com/open-telemetry/opentelemetry-collector-contrib/processor/k8sprocessor/kube/client.go:226.21,228.3 1 1
github.com/open-telemetry/opentelemetry-collector-contrib/processor/k8sprocessor/kube/client.go:230.23,232.3 1 1
github.com/open-telemetry/opentelemetry-collector-contrib/processor/k8sprocessor/kube/client.go:234.23,236.19 2 1
github.com/open-telemetry/opentelemetry-collector-contrib/processor/k8sprocessor/kube/client.go:236.19,238.4 1 1
github.com/open-telemetry/opentelemetry-collector-contrib/processor/k8sprocessor/kube/client.go:241.20,244.3 2 1
github.com/open-telemetry/opentelemetry-collector-contrib/processor/k8sprocessor/kube/client.go:246.28,249.22 2 2
github.com/open-telemetry/opentelemetry-collector-contrib/processor/k8sprocessor/kube/client.go:249.22,251.4 1 2
github.com/open-telemetry/opentelemetry-collector-contrib/processor/k8sprocessor/kube/client.go:254.22,256.3 1 1
github.com/open-telemetry/opentelemetry-collector-contrib/processor/k8sprocessor/kube/client.go:258.22,262.30 1 2
github.com/open-telemetry/opentelemetry-collector-contrib/processor/k8sprocessor/kube/client.go:262.30,264.4 1 1
github.com/open-telemetry/opentelemetry-collector-contrib/processor/k8sprocessor/kube/client.go:264.9,266.4 1 1
github.com/open-telemetry/opentelemetry-collector-contrib/processor/k8sprocessor/kube/client.go:269.25,271.24 2 2
github.com/open-telemetry/opentelemetry-collector-contrib/processor/k8sprocessor/kube/client.go:271.24,273.4 1 2
github.com/open-telemetry/opentelemetry-collector-contrib/processor/k8sprocessor/kube/client.go:276.32,279.32 2 2
github.com/open-telemetry/opentelemetry-collector-contrib/processor/k8sprocessor/kube/client.go:300.3,300.26 1 2
github.com/open-telemetry/opentelemetry-collector-contrib/processor/k8sprocessor/kube/client.go:279.32,280.22 1 2
github.com/open-telemetry/opentelemetry-collector-contrib/processor/k8sprocessor/kube/client.go:281.21,282.30 1 0
github.com/open-telemetry/opentelemetry-collector-contrib/processor/k8sprocessor/kube/client.go:285.26,285.26 0 0
github.com/open-telemetry/opentelemetry-collector-contrib/processor/k8sprocessor/kube/client.go:287.22,288.31 1 2
github.com/open-telemetry/opentelemetry-collector-contrib/processor/k8sprocessor/kube/client.go:291.23,292.32 1 0
github.com/open-telemetry/opentelemetry-collector-contrib/processor/k8sprocessor/kube/client.go:295.12,295.12 0 0
github.com/open-telemetry/opentelemetry-collector-contrib/processor/k8sprocessor/kube/client.go:282.30,284.6 1 0
github.com/open-telemetry/opentelemetry-collector-contrib/processor/k8sprocessor/kube/client.go:288.31,290.6 1 1
github.com/open-telemetry/opentelemetry-collector-contrib/processor/k8sprocessor/kube/client.go:292.32,294.6 1 0
github.com/open-telemetry/opentelemetry-collector-contrib/processor/k8sprocessor/kube/client.go:300.26,302.4 1 1
github.com/open-telemetry/opentelemetry-collector-contrib/processor/k8sprocessor/kube/client.go:306.43,308.26 2 6
github.com/open-telemetry/opentelemetry-collector-contrib/processor/k8sprocessor/kube/client.go:308.26,310.4 1 2
github.com/open-telemetry/opentelemetry-collector-contrib/processor/k8sprocessor/kube/client.go:313.34,316.28 2 6
github.com/open-telemetry/opentelemetry-collector-contrib/processor/k8sprocessor/kube/client.go:319.3,319.29 1 6
github.com/open-telemetry/opentelemetry-collector-contrib/processor/k8sprocessor/kube/client.go:316.28,318.4 1 2
github.com/open-telemetry/opentelemetry-collector-contrib/processor/k8sprocessor/kube/client.go:319.29,321.4 1 1
github.com/open-telemetry/opentelemetry-collector-contrib/processor/k8sprocessor/kube/client.go:324.20,326.3 1 1
github.com/open-telemetry/opentelemetry-collector-contrib/processor/k8sprocessor/kube/client.go:328.35,330.3 1 3
github.com/open-telemetry/opentelemetry-collector-contrib/processor/k8sprocessor/kube/client.go:332.68,334.23 2 1
github.com/open-telemetry/opentelemetry-collector-contrib/processor/k8sprocessor/kube/client.go:334.23,335.46 1 1
github.com/open-telemetry/opentelemetry-collector-contrib/processor/k8sprocessor/kube/client.go:335.46,337.5 1 1
github.com/open-telemetry/opentelemetry-collector-contrib/processor/k8sprocessor/kube/client.go:341.40,343.3 1 2
github.com/open-telemetry/opentelemetry-collector-contrib/processor/k8sprocessor/kube/client.go:347.118,348.18 1 6
github.com/open-telemetry/opentelemetry-collector-contrib/processor/k8sprocessor/kube/client.go:348.18,350.36 1 3
github.com/open-telemetry/opentelemetry-collector-contrib/processor/k8sprocessor/kube/client.go:350.36,352.4 1 4
github.com/open-telemetry/opentelemetry-collector-contrib/processor/k8sprocessor/kube/client.go:353.8,354.33 1 3
github.com/open-telemetry/opentelemetry-collector-contrib/processor/k8sprocessor/kube/client.go:354.33,356.4 1 3
github.com/open-telemetry/opentelemetry-collector-contrib/processor/k8sprocessor/kube/client.go:360.76,363.20 1 10
github.com/open-telemetry/opentelemetry-collector-contrib/processor/k8sprocessor/kube/client.go:367.2,368.23 2 3
github.com/open-telemetry/opentelemetry-collector-contrib/processor/k8sprocessor/kube/client.go:371.2,371.11 1 1
github.com/open-telemetry/opentelemetry-collector-contrib/processor/k8sprocessor/kube/client.go:363.20,365.3 1 7
github.com/open-telemetry/opentelemetry-collector-contrib/processor/k8sprocessor/kube/client.go:368.23,370.3 1 2
github.com/open-telemetry/opentelemetry-collector-contrib/processor/k8sprocessor/kube/client.go:374.55,382.28 2 28
github.com/open-telemetry/opentelemetry-collector-contrib/processor/k8sprocessor/kube/client.go:388.2,391.19 3 28
github.com/open-telemetry/opentelemetry-collector-contrib/processor/k8sprocessor/kube/client.go:394.2,394.28 1 28
github.com/open-telemetry/opentelemetry-collector-contrib/processor/k8sprocessor/kube/client.go:382.28,384.3 1 1
github.com/open-telemetry/opentelemetry-collector-contrib/processor/k8sprocessor/kube/client.go:384.8,386.3 1 27
github.com/open-telemetry/opentelemetry-collector-contrib/processor/k8sprocessor/kube/client.go:391.19,393.3 1 10
github.com/open-telemetry/opentelemetry-collector-contrib/processor/k8sprocessor/kube/client.go:394.28,399.59 1 24
github.com/open-telemetry/opentelemetry-collector-contrib/processor/k8sprocessor/kube/client.go:404.3,404.51 1 23
github.com/open-telemetry/opentelemetry-collector-contrib/processor/k8sprocessor/kube/client.go:399.59,400.70 1 10
github.com/open-telemetry/opentelemetry-collector-contrib/processor/k8sprocessor/kube/client.go:400.70,402.5 1 1
github.com/open-telemetry/opentelemetry-collector-contrib/processor/k8sprocessor/kube/client.go:408.50,413.30 4 7
github.com/open-telemetry/opentelemetry-collector-contrib/processor/k8sprocessor/kube/client.go:417.2,421.30 4 7
github.com/open-telemetry/opentelemetry-collector-contrib/processor/k8sprocessor/kube/client.go:413.30,415.3 1 4
github.com/open-telemetry/opentelemetry-collector-contrib/processor/k8sprocessor/kube/client.go:421.30,423.3 1 1
github.com/open-telemetry/opentelemetry-collector-contrib/processor/k8sprocessor/kube/client.go:426.78,434.2 3 5
github.com/open-telemetry/opentelemetry-collector-contrib/processor/k8sprocessor/kube/client.go:436.61,442.26 1 36
github.com/open-telemetry/opentelemetry-collector-contrib/processor/k8sprocessor/kube/client.go:447.2,447.52 1 34
github.com/open-telemetry/opentelemetry-collector-contrib/processor/k8sprocessor/kube/client.go:454.2,454.45 1 32
github.com/open-telemetry/opentelemetry-collector-contrib/processor/k8sprocessor/kube/client.go:460.2,460.14 1 30
github.com/open-telemetry/opentelemetry-collector-contrib/processor/k8sprocessor/kube/client.go:442.26,444.3 1 2
github.com/open-telemetry/opentelemetry-collector-contrib/processor/k8sprocessor/kube/client.go:447.52,448.54 1 4
github.com/open-telemetry/opentelemetry-collector-contrib/processor/k8sprocessor/kube/client.go:448.54,450.4 1 2
github.com/open-telemetry/opentelemetry-collector-contrib/processor/k8sprocessor/kube/client.go:454.45,455.33 1 153
github.com/open-telemetry/opentelemetry-collector-contrib/processor/k8sprocessor/kube/client.go:455.33,457.4 1 2
github.com/open-telemetry/opentelemetry-collector-contrib/processor/k8sprocessor/kube/client.go:463.86,465.35 2 24
github.com/open-telemetry/opentelemetry-collector-contrib/processor/k8sprocessor/kube/client.go:473.2,474.35 2 23
github.com/open-telemetry/opentelemetry-collector-contrib/processor/k8sprocessor/kube/client.go:485.2,485.24 1 21
github.com/open-telemetry/opentelemetry-collector-contrib/processor/k8sprocessor/kube/client.go:488.2,488.62 1 21
github.com/open-telemetry/opentelemetry-collector-contrib/processor/k8sprocessor/kube/client.go:465.35,467.17 2 5
github.com/open-telemetry/opentelemetry-collector-contrib/processor/k8sprocessor/kube/client.go:470.3,470.40 1 4
github.com/open-telemetry/opentelemetry-collector-contrib/processor/k8sprocessor/kube/client.go:467.17,469.4 1 1
github.com/open-telemetry/opentelemetry-collector-contrib/processor/k8sprocessor/kube/client.go:474.35,475.15 1 6
github.com/open-telemetry/opentelemetry-collector-contrib/processor/k8sprocessor/kube/client.go:476.25,477.78 1 3
github.com/open-telemetry/opentelemetry-collector-contrib/processor/k8sprocessor/kube/client.go:478.28,479.81 1 1
github.com/open-telemetry/opentelemetry-collector-contrib/processor/k8sprocessor/kube/client.go:480.11,481.83 1 2
github.com/open-telemetry/opentelemetry-collector-contrib/processor/k8sprocessor/kube/client.go:485.24,487.3 1 1
github.com/open-telemetry/opentelemetry-collector-contrib/processor/k8sprocessor/kube/fake_informer.go:40.24,47.2 1 18
github.com/open-telemetry/opentelemetry-collector-contrib/processor/k8sprocessor/kube/fake_informer.go:49.77,49.78 0 1
github.com/open-telemetry/opentelemetry-collector-contrib/processor/k8sprocessor/kube/fake_informer.go:51.115,52.2 0 1
github.com/open-telemetry/opentelemetry-collector-contrib/processor/k8sprocessor/kube/fake_informer.go:54.47,55.62 1 1
github.com/open-telemetry/opentelemetry-collector-contrib/processor/k8sprocessor/kube/fake_informer.go:55.62,55.80 1 1
github.com/open-telemetry/opentelemetry-collector-contrib/processor/k8sprocessor/kube/fake_informer.go:58.57,60.2 1 1
github.com/open-telemetry/opentelemetry-collector-contrib/processor/k8sprocessor/kube/fake_informer.go:67.43,69.2 1 1
github.com/open-telemetry/opentelemetry-collector-contrib/processor/k8sprocessor/kube/fake_informer.go:71.54,76.2 4 1
github.com/open-telemetry/opentelemetry-collector-contrib/processor/k8sprocessor/kube/fake_informer.go:78.44,82.2 3 2
github.com/open-telemetry/opentelemetry-collector-contrib/processor/k8sprocessor/kube/fake_informer.go:84.59,86.2 1 1
github.com/open-telemetry/opentelemetry-collector-contrib/processor/k8sprocessor/kube/fake_informer.go:88.76,90.2 1 0
github.com/open-telemetry/opentelemetry-collector-contrib/processor/k8sprocessor/factory.go:38.46,46.2 1 21
github.com/open-telemetry/opentelemetry-collector-contrib/processor/k8sprocessor/factory.go:48.45,53.2 1 23
github.com/open-telemetry/opentelemetry-collector-contrib/processor/k8sprocessor/factory.go:60.38,62.2 1 2
github.com/open-telemetry/opentelemetry-collector-contrib/processor/k8sprocessor/factory.go:69.36,71.2 1 2
github.com/open-telemetry/opentelemetry-collector-contrib/processor/k8sprocessor/factory.go:78.39,80.2 1 2
github.com/open-telemetry/opentelemetry-collector-contrib/processor/k8sprocessor/factory.go:88.38,90.16 2 18
github.com/open-telemetry/opentelemetry-collector-contrib/processor/k8sprocessor/factory.go:94.2,100.45 1 15
github.com/open-telemetry/opentelemetry-collector-contrib/processor/k8sprocessor/factory.go:90.16,92.3 1 3
github.com/open-telemetry/opentelemetry-collector-contrib/processor/k8sprocessor/factory.go:109.39,111.16 2 17
github.com/open-telemetry/opentelemetry-collector-contrib/processor/k8sprocessor/factory.go:115.2,121.45 1 14
github.com/open-telemetry/opentelemetry-collector-contrib/processor/k8sprocessor/factory.go:111.16,113.3 1 3
github.com/open-telemetry/opentelemetry-collector-contrib/processor/k8sprocessor/factory.go:130.36,132.16 2 15
github.com/open-telemetry/opentelemetry-collector-contrib/processor/k8sprocessor/factory.go:136.2,142.45 1 12
github.com/open-telemetry/opentelemetry-collector-contrib/processor/k8sprocessor/factory.go:132.16,134.3 1 3
github.com/open-telemetry/opentelemetry-collector-contrib/processor/k8sprocessor/factory.go:149.33,154.33 3 50
github.com/open-telemetry/opentelemetry-collector-contrib/processor/k8sprocessor/factory.go:161.2,161.18 1 41
github.com/open-telemetry/opentelemetry-collector-contrib/processor/k8sprocessor/factory.go:168.2,168.16 1 41
github.com/open-telemetry/opentelemetry-collector-contrib/processor/k8sprocessor/factory.go:154.33,155.33 1 556
github.com/open-telemetry/opentelemetry-collector-contrib/processor/k8sprocessor/factory.go:155.33,157.4 1 9
github.com/open-telemetry/opentelemetry-collector-contrib/processor/k8sprocessor/factory.go:161.18,163.17 2 7
github.com/open-telemetry/opentelemetry-collector-contrib/processor/k8sprocessor/factory.go:163.17,165.4 1 0
github.com/open-telemetry/opentelemetry-collector-contrib/processor/k8sprocessor/factory.go:171.57,174.22 3 50
github.com/open-telemetry/opentelemetry-collector-contrib/processor/k8sprocessor/factory.go:179.2,184.29 5 50
github.com/open-telemetry/opentelemetry-collector-contrib/processor/k8sprocessor/factory.go:189.2,197.13 7 50
github.com/open-telemetry/opentelemetry-collector-contrib/processor/k8sprocessor/factory.go:174.22,176.3 1 3
github.com/open-telemetry/opentelemetry-collector-contrib/processor/k8sprocessor/factory.go:184.29,186.3 1 0
github.com/open-telemetry/opentelemetry-collector-contrib/processor/k8sprocessor/options.go:58.52,59.44 1 53
github.com/open-telemetry/opentelemetry-collector-contrib/processor/k8sprocessor/options.go:59.44,62.3 2 49
github.com/open-telemetry/opentelemetry-collector-contrib/processor/k8sprocessor/options.go:67.31,68.44 1 5
github.com/open-telemetry/opentelemetry-collector-contrib/processor/k8sprocessor/options.go:68.44,71.3 2 5
github.com/open-telemetry/opentelemetry-collector-contrib/processor/k8sprocessor/options.go:75.38,76.44 1 0
github.com/open-telemetry/opentelemetry-collector-contrib/processor/k8sprocessor/options.go:76.44,79.3 2 0
github.com/open-telemetry/opentelemetry-collector-contrib/processor/k8sprocessor/options.go:84.51,85.44 1 56
github.com/open-telemetry/opentelemetry-collector-contrib/processor/k8sprocessor/options.go:85.44,86.23 1 58
github.com/open-telemetry/opentelemetry-collector-contrib/processor/k8sprocessor/options.go:105.3,105.32 1 58
github.com/open-telemetry/opentelemetry-collector-contrib/processor/k8sprocessor/options.go:141.3,141.13 1 54
github.com/open-telemetry/opentelemetry-collector-contrib/processor/k8sprocessor/options.go:86.23,104.4 1 48
github.com/open-telemetry/opentelemetry-collector-contrib/processor/k8sprocessor/options.go:105.32,106.17 1 731
github.com/open-telemetry/opentelemetry-collector-contrib/processor/k8sprocessor/options.go:107.29,108.31 1 49
github.com/open-telemetry/opentelemetry-collector-contrib/processor/k8sprocessor/options.go:109.29,110.31 1 48
github.com/open-telemetry/opentelemetry-collector-contrib/processor/k8sprocessor/options.go:111.32,112.34 1 48
github.com/open-telemetry/opentelemetry-collector-contrib/processor/k8sprocessor/options.go:113.31,114.33 1 48
github.com/open-telemetry/opentelemetry-collector-contrib/processor/k8sprocessor/options.go:115.31,116.33 1 48
github.com/open-telemetry/opentelemetry-collector-contrib/processor/k8sprocessor/options.go:117.32,118.34 1 48
github.com/open-telemetry/opentelemetry-collector-contrib/processor/k8sprocessor/options.go:119.26,120.28 1 48
github.com/open-telemetry/opentelemetry-collector-contrib/processor/k8sprocessor/options.go:121.27,122.29 1 49
github.com/open-telemetry/opentelemetry-collector-contrib/processor/k8sprocessor/options.go:123.26,124.28 1 48
github.com/open-telemetry/opentelemetry-collector-contrib/processor/k8sprocessor/options.go:125.23,126.26 1 48
github.com/open-telemetry/opentelemetry-collector-contrib/processor/k8sprocessor/options.go:127.25,128.27 1 53
github.com/open-telemetry/opentelemetry-collector-contrib/processor/k8sprocessor/options.go:129.32,130.34 1 48
github.com/open-telemetry/opentelemetry-collector-contrib/processor/k8sprocessor/options.go:131.29,132.31 1 48
github.com/open-telemetry/opentelemetry-collector-contrib/processor/k8sprocessor/options.go:133.27,134.29 1 48
github.com/open-telemetry/opentelemetry-collector-contrib/processor/k8sprocessor/options.go:135.33,136.35 1 48
github.com/open-telemetry/opentelemetry-collector-contrib/processor/k8sprocessor/options.go:137.12,138.73 1 4
github.com/open-telemetry/opentelemetry-collector-contrib/processor/k8sprocessor/options.go:146.56,147.44 1 50
github.com/open-telemetry/opentelemetry-collector-contrib/processor/k8sprocessor/options.go:147.44,149.35 2 47
github.com/open-telemetry/opentelemetry-collector-contrib/processor/k8sprocessor/options.go:185.3,186.13 2 47
github.com/open-telemetry/opentelemetry-collector-contrib/processor/k8sprocessor/options.go:149.35,150.17 1 0
github.com/open-telemetry/opentelemetry-collector-contrib/processor/k8sprocessor/options.go:151.46,152.27 1 0
github.com/open-telemetry/opentelemetry-collector-contrib/processor/k8sprocessor/options.go:153.46,154.27 1 0
github.com/open-telemetry/opentelemetry-collector-contrib/processor/k8sprocessor/options.go:155.48,156.29 1 0
github.com/open-telemetry/opentelemetry-collector-contrib/processor/k8sprocessor/options.go:157.49,158.30 1 0
github.com/open-telemetry/opentelemetry-collector-contrib/processor/k8sprocessor/options.go:159.48,160.29 1 0
github.com/open-telemetry/opentelemetry-collector-contrib/processor/k8sprocessor/options.go:161.49,162.30 1 0
github.com/open-telemetry/opentelemetry-collector-contrib/processor/k8sprocessor/options.go:163.43,164.24 1 0
github.com/open-telemetry/opentelemetry-collector-contrib/processor/k8sprocessor/options.go:165.44,166.25 1 0
github.com/open-telemetry/opentelemetry-collector-contrib/processor/k8sprocessor/options.go:167.43,168.24 1 0
github.com/open-telemetry/opentelemetry-collector-contrib/processor/k8sprocessor/options.go:169.40,170.22 1 0
github.com/open-telemetry/opentelemetry-collector-contrib/processor/k8sprocessor/options.go:171.42,172.23 1 0
github.com/open-telemetry/opentelemetry-collector-contrib/processor/k8sprocessor/options.go:173.49,174.30 1 0
github.com/open-telemetry/opentelemetry-collector-contrib/processor/k8sprocessor/options.go:175.46,176.27 1 0
github.com/open-telemetry/opentelemetry-collector-contrib/processor/k8sprocessor/options.go:177.44,178.25 1 0
github.com/open-telemetry/opentelemetry-collector-contrib/processor/k8sprocessor/options.go:179.50,180.31 1 0
github.com/open-telemetry/opentelemetry-collector-contrib/processor/k8sprocessor/options.go:181.12,182.73 1 0
github.com/open-telemetry/opentelemetry-collector-contrib/processor/k8sprocessor/options.go:191.61,192.44 1 53
github.com/open-telemetry/opentelemetry-collector-contrib/processor/k8sprocessor/options.go:192.44,194.17 2 50
github.com/open-telemetry/opentelemetry-collector-contrib/processor/k8sprocessor/options.go:197.3,198.13 2 49
github.com/open-telemetry/opentelemetry-collector-contrib/processor/k8sprocessor/options.go:194.17,196.4 1 1
github.com/open-telemetry/opentelemetry-collector-contrib/processor/k8sprocessor/options.go:203.71,204.44 1 53
github.com/open-telemetry/opentelemetry-collector-contrib/processor/k8sprocessor/options.go:204.44,206.17 2 50
github.com/open-telemetry/opentelemetry-collector-contrib/processor/k8sprocessor/options.go:209.3,210.13 2 49
github.com/open-telemetry/opentelemetry-collector-contrib/processor/k8sprocessor/options.go:206.17,208.4 1 1
github.com/open-telemetry/opentelemetry-collector-contrib/processor/k8sprocessor/options.go:214.108,216.27 2 104
github.com/open-telemetry/opentelemetry-collector-contrib/processor/k8sprocessor/options.go:243.2,243.19 1 100
github.com/open-telemetry/opentelemetry-collector-contrib/processor/k8sprocessor/options.go:216.27,218.17 2 8
github.com/open-telemetry/opentelemetry-collector-contrib/processor/k8sprocessor/options.go:226.3,227.20 2 8
github.com/open-telemetry/opentelemetry-collector-contrib/processor/k8sprocessor/options.go:239.3,241.5 1 4
github.com/open-telemetry/opentelemetry-collector-contrib/processor/k8sprocessor/options.go:218.17,219.20 1 1
github.com/open-telemetry/opentelemetry-collector-contrib/processor/k8sprocessor/options.go:219.20,221.5 1 0
github.com/open-telemetry/opentelemetry-collector-contrib/processor/k8sprocessor/options.go:221.10,223.5 1 1
github.com/open-telemetry/opentelemetry-collector-contrib/processor/k8sprocessor/options.go:227.20,230.18 3 6
github.com/open-telemetry/opentelemetry-collector-contrib/processor/k8sprocessor/options.go:233.4,234.46 2 3
github.com/open-telemetry/opentelemetry-collector-contrib/processor/k8sprocessor/options.go:230.18,232.5 1 3
github.com/open-telemetry/opentelemetry-collector-contrib/processor/k8sprocessor/options.go:234.46,236.5 1 1
github.com/open-telemetry/opentelemetry-collector-contrib/processor/k8sprocessor/options.go:247.57,248.44 1 53
github.com/open-telemetry/opentelemetry-collector-contrib/processor/k8sprocessor/options.go:248.44,249.27 1 50
github.com/open-telemetry/opentelemetry-collector-contrib/processor/k8sprocessor/options.go:253.3,254.13 2 48
github.com/open-telemetry/opentelemetry-collector-contrib/processor/k8sprocessor/options.go:249.27,252.4 2 2
github.com/open-telemetry/opentelemetry-collector-contrib/processor/k8sprocessor/options.go:259.44,260.44 1 51
github.com/open-telemetry/opentelemetry-collector-contrib/processor/k8sprocessor/options.go:260.44,263.3 2 48
github.com/open-telemetry/opentelemetry-collector-contrib/processor/k8sprocessor/options.go:267.60,268.44 1 57
github.com/open-telemetry/opentelemetry-collector-contrib/processor/k8sprocessor/options.go:268.44,270.29 2 54
github.com/open-telemetry/opentelemetry-collector-contrib/processor/k8sprocessor/options.go:294.3,295.13 2 53
github.com/open-telemetry/opentelemetry-collector-contrib/processor/k8sprocessor/options.go:270.29,271.18 1 6
github.com/open-telemetry/opentelemetry-collector-contrib/processor/k8sprocessor/options.go:275.4,276.16 2 6
github.com/open-telemetry/opentelemetry-collector-contrib/processor/k8sprocessor/options.go:288.4,292.6 1 5
github.com/open-telemetry/opentelemetry-collector-contrib/processor/k8sprocessor/options.go:271.18,273.5 1 1
github.com/open-telemetry/opentelemetry-collector-contrib/processor/k8sprocessor/options.go:277.24,278.26 1 2
github.com/open-telemetry/opentelemetry-collector-contrib/processor/k8sprocessor/options.go:279.27,280.29 1 1
github.com/open-telemetry/opentelemetry-collector-contrib/processor/k8sprocessor/options.go:281.24,282.26 1 1
github.com/open-telemetry/opentelemetry-collector-contrib/processor/k8sprocessor/options.go:283.30,284.32 1 1
github.com/open-telemetry/opentelemetry-collector-contrib/processor/k8sprocessor/options.go:285.12,286.111 1 1
github.com/open-telemetry/opentelemetry-collector-contrib/processor/k8sprocessor/options.go:300.60,301.44 1 57
github.com/open-telemetry/opentelemetry-collector-contrib/processor/k8sprocessor/options.go:301.44,303.29 2 54
github.com/open-telemetry/opentelemetry-collector-contrib/processor/k8sprocessor/options.go:323.3,324.13 2 51
github.com/open-telemetry/opentelemetry-collector-contrib/processor/k8sprocessor/options.go:303.29,304.18 1 6
github.com/open-telemetry/opentelemetry-collector-contrib/processor/k8sprocessor/options.go:308.4,309.16 2 6
github.com/open-telemetry/opentelemetry-collector-contrib/processor/k8sprocessor/options.go:317.4,321.6 1 3
github.com/open-telemetry/opentelemetry-collector-contrib/processor/k8sprocessor/options.go:304.18,306.5 1 1
github.com/open-telemetry/opentelemetry-collector-contrib/processor/k8sprocessor/options.go:310.24,311.26 1 2
github.com/open-telemetry/opentelemetry-collector-contrib/processor/k8sprocessor/options.go:312.27,313.29 1 1
github.com/open-telemetry/opentelemetry-collector-contrib/processor/k8sprocessor/options.go:314.12,315.111 1 3
github.com/open-telemetry/opentelemetry-collector-contrib/processor/k8sprocessor/options.go:329.81,330.44 1 52
github.com/open-telemetry/opentelemetry-collector-contrib/processor/k8sprocessor/options.go:330.44,332.47 2 49
github.com/open-telemetry/opentelemetry-collector-contrib/processor/k8sprocessor/options.go:338.3,339.13 2 49
github.com/open-telemetry/opentelemetry-collector-contrib/processor/k8sprocessor/options.go:332.47,337.4 1 1
github.com/open-telemetry/opentelemetry-collector-contrib/processor/k8sprocessor/pod_association.go:31.164,34.42 3 50
github.com/open-telemetry/opentelemetry-collector-contrib/processor/k8sprocessor/pod_association.go:38.2,38.28 1 50
github.com/open-telemetry/opentelemetry-collector-contrib/processor/k8sprocessor/pod_association.go:60.2,60.36 1 23
github.com/open-telemetry/opentelemetry-collector-contrib/processor/k8sprocessor/pod_association.go:86.2,86.35 1 1
github.com/open-telemetry/opentelemetry-collector-contrib/processor/k8sprocessor/pod_association.go:34.42,36.3 1 27
github.com/open-telemetry/opentelemetry-collector-contrib/processor/k8sprocessor/pod_association.go:38.28,43.18 5 27
github.com/open-telemetry/opentelemetry-collector-contrib/processor/k8sprocessor/pod_association.go:56.3,57.9 2 5
github.com/open-telemetry/opentelemetry-collector-contrib/processor/k8sprocessor/pod_association.go:43.18,46.4 2 2
github.com/open-telemetry/opentelemetry-collector-contrib/processor/k8sprocessor/pod_association.go:46.9,46.27 1 25
github.com/open-telemetry/opentelemetry-collector-contrib/processor/k8sprocessor/pod_association.go:46.27,49.4 2 2
github.com/open-telemetry/opentelemetry-collector-contrib/processor/k8sprocessor/pod_association.go:49.9,49.32 1 23
github.com/open-telemetry/opentelemetry-collector-contrib/processor/k8sprocessor/pod_association.go:49.32,52.4 2 17
github.com/open-telemetry/opentelemetry-collector-contrib/processor/k8sprocessor/pod_association.go:52.9,52.42 1 6
github.com/open-telemetry/opentelemetry-collector-contrib/processor/k8sprocessor/pod_association.go:52.42,55.4 2 1
github.com/open-telemetry/opentelemetry-collector-contrib/processor/k8sprocessor/pod_association.go:60.36,62.54 1 32
github.com/open-telemetry/opentelemetry-collector-contrib/processor/k8sprocessor/pod_association.go:62.54,66.4 3 6
github.com/open-telemetry/opentelemetry-collector-contrib/processor/k8sprocessor/pod_association.go:66.9,66.47 1 26
github.com/open-telemetry/opentelemetry-collector-contrib/processor/k8sprocessor/pod_association.go:66.47,69.50 1 26
github.com/open-telemetry/opentelemetry-collector-contrib/processor/k8sprocessor/pod_association.go:69.50,70.37 1 5
github.com/open-telemetry/opentelemetry-collector-contrib/processor/k8sprocessor/pod_association.go:70.37,74.6 3 4
github.com/open-telemetry/opentelemetry-collector-contrib/processor/k8sprocessor/pod_association.go:75.10,78.29 2 21
github.com/open-telemetry/opentelemetry-collector-contrib/processor/k8sprocessor/pod_association.go:78.29,82.6 3 12
github.com/open-telemetry/opentelemetry-collector-contrib/processor/k8sprocessor/pod_association.go:89.74,90.35 1 125
github.com/open-telemetry/opentelemetry-collector-contrib/processor/k8sprocessor/pod_association.go:95.2,95.11 1 100
github.com/open-telemetry/opentelemetry-collector-contrib/processor/k8sprocessor/pod_association.go:90.35,91.47 1 25
github.com/open-telemetry/opentelemetry-collector-contrib/processor/k8sprocessor/pod_association.go:91.47,93.4 1 25
github.com/open-telemetry/opentelemetry-collector-contrib/processor/k8sprocessor/processor.go:43.105,44.23 1 48
github.com/open-telemetry/opentelemetry-collector-contrib/processor/k8sprocessor/processor.go:47.2,47.25 1 48
github.com/open-telemetry/opentelemetry-collector-contrib/processor/k8sprocessor/processor.go:54.2,54.12 1 42
github.com/open-telemetry/opentelemetry-collector-contrib/processor/k8sprocessor/processor.go:44.23,46.3 1 4
github.com/open-telemetry/opentelemetry-collector-contrib/processor/k8sprocessor/processor.go:47.25,49.17 2 43
github.com/open-telemetry/opentelemetry-collector-contrib/processor/k8sprocessor/processor.go:52.3,52.13 1 37
github.com/open-telemetry/opentelemetry-collector-contrib/processor/k8sprocessor/processor.go:49.17,51.4 1 6
github.com/open-telemetry/opentelemetry-collector-contrib/processor/k8sprocessor/processor.go:57.81,58.25 1 3
github.com/open-telemetry/opentelemetry-collector-contrib/processor/k8sprocessor/processor.go:61.2,61.12 1 3
github.com/open-telemetry/opentelemetry-collector-contrib/processor/k8sprocessor/processor.go:58.25,60.3 1 2
github.com/open-telemetry/opentelemetry-collector-contrib/processor/k8sprocessor/processor.go:64.64,65.25 1 2
github.com/open-telemetry/opentelemetry-collector-contrib/processor/k8sprocessor/processor.go:68.2,68.12 1 2
github.com/open-telemetry/opentelemetry-collector-contrib/processor/k8sprocessor/processor.go:65.25,67.3 1 1
github.com/open-telemetry/opentelemetry-collector-contrib/processor/k8sprocessor/processor.go:72.106,74.33 2 16
github.com/open-telemetry/opentelemetry-collector-contrib/processor/k8sprocessor/processor.go:78.2,78.16 1 16
github.com/open-telemetry/opentelemetry-collector-contrib/processor/k8sprocessor/processor.go:74.33,76.3 1 15
github.com/open-telemetry/opentelemetry-collector-contrib/processor/k8sprocessor/processor.go:82.109,84.32 2 20
github.com/open-telemetry/opentelemetry-collector-contrib/processor/k8sprocessor/processor.go:88.2,88.16 1 20
github.com/open-telemetry/opentelemetry-collector-contrib/processor/k8sprocessor/processor.go:84.32,86.3 1 19
github.com/open-telemetry/opentelemetry-collector-contrib/processor/k8sprocessor/processor.go:92.100,94.32 2 16
github.com/open-telemetry/opentelemetry-collector-contrib/processor/k8sprocessor/processor.go:98.2,98.16 1 16
github.com/open-telemetry/opentelemetry-collector-contrib/processor/k8sprocessor/processor.go:94.32,96.3 1 16
github.com/open-telemetry/opentelemetry-collector-contrib/processor/k8sprocessor/processor.go:102.94,105.28 2 50
github.com/open-telemetry/opentelemetry-collector-contrib/processor/k8sprocessor/processor.go:108.2,109.24 2 44
github.com/open-telemetry/opentelemetry-collector-contrib/processor/k8sprocessor/processor.go:112.2,113.35 2 41
github.com/open-telemetry/opentelemetry-collector-contrib/processor/k8sprocessor/processor.go:105.28,107.3 1 6
github.com/open-telemetry/opentelemetry-collector-contrib/processor/k8sprocessor/processor.go:109.24,111.3 1 3
github.com/open-telemetry/opentelemetry-collector-contrib/processor/k8sprocessor/processor.go:113.35,115.3 1 38
github.com/open-telemetry/opentelemetry-collector-contrib/processor/k8sprocessor/processor.go:118.101,120.9 2 41
github.com/open-telemetry/opentelemetry-collector-contrib/processor/k8sprocessor/processor.go:123.2,123.23 1 20
github.com/open-telemetry/opentelemetry-collector-contrib/processor/k8sprocessor/processor.go:120.9,122.3 1 21
github.com/open-telemetry/opentelemetry-collector-contrib/processor/k8sprocessor/config.go:52.37,54.2 1 0
