mode: atomic
github.com/open-telemetry/opentelemetry-collector-contrib/processor/cascadingfilterprocessor/sampling/policy_factory.go:56.92,57.16 1 0
github.com/open-telemetry/opentelemetry-collector-contrib/processor/cascadingfilterprocessor/sampling/policy_factory.go:61.2,65.3 1 0
github.com/open-telemetry/opentelemetry-collector-contrib/processor/cascadingfilterprocessor/sampling/policy_factory.go:57.16,59.3 1 0
github.com/open-telemetry/opentelemetry-collector-contrib/processor/cascadingfilterprocessor/sampling/policy_factory.go:68.89,69.16 1 0
github.com/open-telemetry/opentelemetry-collector-contrib/processor/cascadingfilterprocessor/sampling/policy_factory.go:73.2,74.35 2 0
github.com/open-telemetry/opentelemetry-collector-contrib/processor/cascadingfilterprocessor/sampling/policy_factory.go:80.2,83.3 1 0
github.com/open-telemetry/opentelemetry-collector-contrib/processor/cascadingfilterprocessor/sampling/policy_factory.go:69.16,71.3 1 0
github.com/open-telemetry/opentelemetry-collector-contrib/processor/cascadingfilterprocessor/sampling/policy_factory.go:74.35,75.18 1 0
github.com/open-telemetry/opentelemetry-collector-contrib/processor/cascadingfilterprocessor/sampling/policy_factory.go:75.18,77.4 1 0
github.com/open-telemetry/opentelemetry-collector-contrib/processor/cascadingfilterprocessor/sampling/policy_factory.go:87.93,94.2 1 0
github.com/open-telemetry/opentelemetry-collector-contrib/processor/cascadingfilterprocessor/sampling/policy_factory.go:97.84,104.42 5 0
github.com/open-telemetry/opentelemetry-collector-contrib/processor/cascadingfilterprocessor/sampling/policy_factory.go:111.2,111.92 1 0
github.com/open-telemetry/opentelemetry-collector-contrib/processor/cascadingfilterprocessor/sampling/policy_factory.go:115.2,115.90 1 0
github.com/open-telemetry/opentelemetry-collector-contrib/processor/cascadingfilterprocessor/sampling/policy_factory.go:119.2,130.8 1 0
github.com/open-telemetry/opentelemetry-collector-contrib/processor/cascadingfilterprocessor/sampling/policy_factory.go:104.42,106.17 2 0
github.com/open-telemetry/opentelemetry-collector-contrib/processor/cascadingfilterprocessor/sampling/policy_factory.go:106.17,108.4 1 0
github.com/open-telemetry/opentelemetry-collector-contrib/processor/cascadingfilterprocessor/sampling/policy_factory.go:111.92,113.3 1 0
github.com/open-telemetry/opentelemetry-collector-contrib/processor/cascadingfilterprocessor/sampling/policy_factory.go:115.90,117.3 1 0
github.com/open-telemetry/opentelemetry-collector-contrib/processor/cascadingfilterprocessor/sampling/policy_filter.go:27.99,29.2 1 4
github.com/open-telemetry/opentelemetry-collector-contrib/processor/cascadingfilterprocessor/sampling/policy_filter.go:31.43,33.2 1 1608
github.com/open-telemetry/opentelemetry-collector-contrib/processor/cascadingfilterprocessor/sampling/policy_filter.go:35.93,36.40 1 10
github.com/open-telemetry/opentelemetry-collector-contrib/processor/cascadingfilterprocessor/sampling/policy_filter.go:42.2,42.14 1 8
github.com/open-telemetry/opentelemetry-collector-contrib/processor/cascadingfilterprocessor/sampling/policy_filter.go:36.40,38.59 2 4
github.com/open-telemetry/opentelemetry-collector-contrib/processor/cascadingfilterprocessor/sampling/policy_filter.go:38.59,40.4 1 2
github.com/open-telemetry/opentelemetry-collector-contrib/processor/cascadingfilterprocessor/sampling/policy_filter.go:45.91,46.40 1 11
github.com/open-telemetry/opentelemetry-collector-contrib/processor/cascadingfilterprocessor/sampling/policy_filter.go:54.2,54.14 1 9
github.com/open-telemetry/opentelemetry-collector-contrib/processor/cascadingfilterprocessor/sampling/policy_filter.go:46.40,48.28 2 4
github.com/open-telemetry/opentelemetry-collector-contrib/processor/cascadingfilterprocessor/sampling/policy_filter.go:48.28,49.48 1 4
github.com/open-telemetry/opentelemetry-collector-contrib/processor/cascadingfilterprocessor/sampling/policy_filter.go:49.48,51.5 1 2
github.com/open-telemetry/opentelemetry-collector-contrib/processor/cascadingfilterprocessor/sampling/policy_filter.go:58.86,70.32 10 34
github.com/open-telemetry/opentelemetry-collector-contrib/processor/cascadingfilterprocessor/sampling/policy_filter.go:128.2,138.27 2 34
github.com/open-telemetry/opentelemetry-collector-contrib/processor/cascadingfilterprocessor/sampling/policy_filter.go:141.2,141.32 1 34
github.com/open-telemetry/opentelemetry-collector-contrib/processor/cascadingfilterprocessor/sampling/policy_filter.go:144.2,144.27 1 34
github.com/open-telemetry/opentelemetry-collector-contrib/processor/cascadingfilterprocessor/sampling/policy_filter.go:147.2,147.27 1 34
github.com/open-telemetry/opentelemetry-collector-contrib/processor/cascadingfilterprocessor/sampling/policy_filter.go:150.2,150.26 1 34
github.com/open-telemetry/opentelemetry-collector-contrib/processor/cascadingfilterprocessor/sampling/policy_filter.go:154.2,158.27 1 34
github.com/open-telemetry/opentelemetry-collector-contrib/processor/cascadingfilterprocessor/sampling/policy_filter.go:165.2,165.20 1 19
github.com/open-telemetry/opentelemetry-collector-contrib/processor/cascadingfilterprocessor/sampling/policy_filter.go:168.2,168.19 1 13
github.com/open-telemetry/opentelemetry-collector-contrib/processor/cascadingfilterprocessor/sampling/policy_filter.go:70.32,73.33 2 34
github.com/open-telemetry/opentelemetry-collector-contrib/processor/cascadingfilterprocessor/sampling/policy_filter.go:73.33,74.53 1 34
github.com/open-telemetry/opentelemetry-collector-contrib/processor/cascadingfilterprocessor/sampling/policy_filter.go:84.4,85.35 2 34
github.com/open-telemetry/opentelemetry-collector-contrib/processor/cascadingfilterprocessor/sampling/policy_filter.go:74.53,76.57 2 11
github.com/open-telemetry/opentelemetry-collector-contrib/processor/cascadingfilterprocessor/sampling/policy_filter.go:79.5,79.59 1 11
github.com/open-telemetry/opentelemetry-collector-contrib/processor/cascadingfilterprocessor/sampling/policy_filter.go:76.57,78.6 1 6
github.com/open-telemetry/opentelemetry-collector-contrib/processor/cascadingfilterprocessor/sampling/policy_filter.go:79.59,81.6 1 5
github.com/open-telemetry/opentelemetry-collector-contrib/processor/cascadingfilterprocessor/sampling/policy_filter.go:85.35,88.38 3 34
github.com/open-telemetry/opentelemetry-collector-contrib/processor/cascadingfilterprocessor/sampling/policy_filter.go:88.38,91.55 2 1222
github.com/open-telemetry/opentelemetry-collector-contrib/processor/cascadingfilterprocessor/sampling/policy_filter.go:100.6,100.58 1 1222
github.com/open-telemetry/opentelemetry-collector-contrib/processor/cascadingfilterprocessor/sampling/policy_filter.go:106.6,106.31 1 1222
github.com/open-telemetry/opentelemetry-collector-contrib/processor/cascadingfilterprocessor/sampling/policy_filter.go:91.55,92.59 1 11
github.com/open-telemetry/opentelemetry-collector-contrib/processor/cascadingfilterprocessor/sampling/policy_filter.go:95.7,95.61 1 11
github.com/open-telemetry/opentelemetry-collector-contrib/processor/cascadingfilterprocessor/sampling/policy_filter.go:92.59,94.8 1 5
github.com/open-telemetry/opentelemetry-collector-contrib/processor/cascadingfilterprocessor/sampling/policy_filter.go:95.61,97.8 1 5
github.com/open-telemetry/opentelemetry-collector-contrib/processor/cascadingfilterprocessor/sampling/policy_filter.go:100.58,101.50 1 210
github.com/open-telemetry/opentelemetry-collector-contrib/processor/cascadingfilterprocessor/sampling/policy_filter.go:101.50,103.8 1 8
github.com/open-telemetry/opentelemetry-collector-contrib/processor/cascadingfilterprocessor/sampling/policy_filter.go:106.31,110.28 3 804
github.com/open-telemetry/opentelemetry-collector-contrib/processor/cascadingfilterprocessor/sampling/policy_filter.go:110.28,113.8 2 12
github.com/open-telemetry/opentelemetry-collector-contrib/processor/cascadingfilterprocessor/sampling/policy_filter.go:113.13,114.34 1 792
github.com/open-telemetry/opentelemetry-collector-contrib/processor/cascadingfilterprocessor/sampling/policy_filter.go:117.8,117.30 1 792
github.com/open-telemetry/opentelemetry-collector-contrib/processor/cascadingfilterprocessor/sampling/policy_filter.go:114.34,116.9 1 0
github.com/open-telemetry/opentelemetry-collector-contrib/processor/cascadingfilterprocessor/sampling/policy_filter.go:117.30,119.9 1 0
github.com/open-telemetry/opentelemetry-collector-contrib/processor/cascadingfilterprocessor/sampling/policy_filter.go:138.27,140.3 1 12
github.com/open-telemetry/opentelemetry-collector-contrib/processor/cascadingfilterprocessor/sampling/policy_filter.go:141.32,143.3 1 12
github.com/open-telemetry/opentelemetry-collector-contrib/processor/cascadingfilterprocessor/sampling/policy_filter.go:144.27,146.3 1 12
github.com/open-telemetry/opentelemetry-collector-contrib/processor/cascadingfilterprocessor/sampling/policy_filter.go:147.27,149.3 1 5
github.com/open-telemetry/opentelemetry-collector-contrib/processor/cascadingfilterprocessor/sampling/policy_filter.go:150.26,152.3 1 6
github.com/open-telemetry/opentelemetry-collector-contrib/processor/cascadingfilterprocessor/sampling/policy_filter.go:158.27,159.21 1 15
github.com/open-telemetry/opentelemetry-collector-contrib/processor/cascadingfilterprocessor/sampling/policy_filter.go:162.3,162.17 1 11
github.com/open-telemetry/opentelemetry-collector-contrib/processor/cascadingfilterprocessor/sampling/policy_filter.go:159.21,161.4 1 4
github.com/open-telemetry/opentelemetry-collector-contrib/processor/cascadingfilterprocessor/sampling/policy_filter.go:165.20,167.3 1 6
github.com/open-telemetry/opentelemetry-collector-contrib/processor/cascadingfilterprocessor/sampling/policy_filter.go:171.84,172.30 1 36
github.com/open-telemetry/opentelemetry-collector-contrib/processor/cascadingfilterprocessor/sampling/policy_filter.go:172.30,175.3 1 0
github.com/open-telemetry/opentelemetry-collector-contrib/processor/cascadingfilterprocessor/sampling/policy_filter.go:175.8,175.51 1 36
github.com/open-telemetry/opentelemetry-collector-contrib/processor/cascadingfilterprocessor/sampling/policy_filter.go:175.51,178.3 1 2
github.com/open-telemetry/opentelemetry-collector-contrib/processor/cascadingfilterprocessor/sampling/policy_filter.go:178.8,178.109 1 34
github.com/open-telemetry/opentelemetry-collector-contrib/processor/cascadingfilterprocessor/sampling/policy_filter.go:178.109,181.3 1 0
github.com/open-telemetry/opentelemetry-collector-contrib/processor/cascadingfilterprocessor/sampling/policy_filter.go:181.8,184.3 1 34
github.com/open-telemetry/opentelemetry-collector-contrib/processor/cascadingfilterprocessor/sampling/policy_filter.go:187.53,189.2 1 17
github.com/open-telemetry/opentelemetry-collector-contrib/processor/cascadingfilterprocessor/sampling/policy_filter.go:191.82,192.36 1 17
github.com/open-telemetry/opentelemetry-collector-contrib/processor/cascadingfilterprocessor/sampling/policy_filter.go:197.2,198.52 2 17
github.com/open-telemetry/opentelemetry-collector-contrib/processor/cascadingfilterprocessor/sampling/policy_filter.go:203.2,203.19 1 0
github.com/open-telemetry/opentelemetry-collector-contrib/processor/cascadingfilterprocessor/sampling/policy_filter.go:192.36,195.3 2 14
github.com/open-telemetry/opentelemetry-collector-contrib/processor/cascadingfilterprocessor/sampling/policy_filter.go:198.52,201.3 2 17
github.com/open-telemetry/opentelemetry-collector-contrib/processor/cascadingfilterprocessor/sampling/policy_filter.go:208.87,211.43 2 36
github.com/open-telemetry/opentelemetry-collector-contrib/processor/cascadingfilterprocessor/sampling/policy_filter.go:215.2,216.25 2 34
github.com/open-telemetry/opentelemetry-collector-contrib/processor/cascadingfilterprocessor/sampling/policy_filter.go:220.2,220.28 1 17
github.com/open-telemetry/opentelemetry-collector-contrib/processor/cascadingfilterprocessor/sampling/policy_filter.go:224.2,224.51 1 17
github.com/open-telemetry/opentelemetry-collector-contrib/processor/cascadingfilterprocessor/sampling/policy_filter.go:211.43,213.3 1 2
github.com/open-telemetry/opentelemetry-collector-contrib/processor/cascadingfilterprocessor/sampling/policy_filter.go:216.25,218.3 1 17
github.com/open-telemetry/opentelemetry-collector-contrib/processor/cascadingfilterprocessor/sampling/policy_filter.go:220.28,222.3 1 0
github.com/open-telemetry/opentelemetry-collector-contrib/processor/cascadingfilterprocessor/idbatcher/id_batcher.go:77.91,78.20 1 5
github.com/open-telemetry/opentelemetry-collector-contrib/processor/cascadingfilterprocessor/idbatcher/id_batcher.go:81.2,81.26 1 4
github.com/open-telemetry/opentelemetry-collector-contrib/processor/cascadingfilterprocessor/idbatcher/id_batcher.go:85.2,90.42 2 3
github.com/open-telemetry/opentelemetry-collector-contrib/processor/cascadingfilterprocessor/idbatcher/id_batcher.go:94.2,104.12 2 3
github.com/open-telemetry/opentelemetry-collector-contrib/processor/cascadingfilterprocessor/idbatcher/id_batcher.go:113.2,113.21 1 3
github.com/open-telemetry/opentelemetry-collector-contrib/processor/cascadingfilterprocessor/idbatcher/id_batcher.go:78.20,80.3 1 1
github.com/open-telemetry/opentelemetry-collector-contrib/processor/cascadingfilterprocessor/idbatcher/id_batcher.go:81.26,83.3 1 1
github.com/open-telemetry/opentelemetry-collector-contrib/processor/cascadingfilterprocessor/idbatcher/id_batcher.go:90.42,92.3 1 12
github.com/open-telemetry/opentelemetry-collector-contrib/processor/cascadingfilterprocessor/idbatcher/id_batcher.go:104.12,105.38 1 3
github.com/open-telemetry/opentelemetry-collector-contrib/processor/cascadingfilterprocessor/idbatcher/id_batcher.go:110.3,110.27 1 3
github.com/open-telemetry/opentelemetry-collector-contrib/processor/cascadingfilterprocessor/idbatcher/id_batcher.go:105.38,109.4 3 20000
github.com/open-telemetry/opentelemetry-collector-contrib/processor/cascadingfilterprocessor/idbatcher/id_batcher.go:116.55,118.2 1 20000
github.com/open-telemetry/opentelemetry-collector-contrib/processor/cascadingfilterprocessor/idbatcher/id_batcher.go:120.65,121.38 1 17
github.com/open-telemetry/opentelemetry-collector-contrib/processor/cascadingfilterprocessor/idbatcher/id_batcher.go:132.2,134.25 3 2
github.com/open-telemetry/opentelemetry-collector-contrib/processor/cascadingfilterprocessor/idbatcher/id_batcher.go:121.38,122.17 1 15
github.com/open-telemetry/opentelemetry-collector-contrib/processor/cascadingfilterprocessor/idbatcher/id_batcher.go:129.3,129.25 1 15
github.com/open-telemetry/opentelemetry-collector-contrib/processor/cascadingfilterprocessor/idbatcher/id_batcher.go:122.17,128.4 5 4
github.com/open-telemetry/opentelemetry-collector-contrib/processor/cascadingfilterprocessor/idbatcher/id_batcher.go:137.26,141.2 3 3
github.com/open-telemetry/opentelemetry-collector-contrib/processor/cascadingfilterprocessor/processor.go:84.128,85.25 1 5
github.com/open-telemetry/opentelemetry-collector-contrib/processor/cascadingfilterprocessor/processor.go:89.2,89.67 1 5
github.com/open-telemetry/opentelemetry-collector-contrib/processor/cascadingfilterprocessor/processor.go:85.25,87.3 1 0
github.com/open-telemetry/opentelemetry-collector-contrib/processor/cascadingfilterprocessor/processor.go:92.146,95.16 3 8
github.com/open-telemetry/opentelemetry-collector-contrib/processor/cascadingfilterprocessor/processor.go:99.2,103.86 3 8
github.com/open-telemetry/opentelemetry-collector-contrib/processor/cascadingfilterprocessor/processor.go:121.2,121.32 1 8
github.com/open-telemetry/opentelemetry-collector-contrib/processor/cascadingfilterprocessor/processor.go:140.2,153.18 4 8
github.com/open-telemetry/opentelemetry-collector-contrib/processor/cascadingfilterprocessor/processor.go:95.16,97.3 1 0
github.com/open-telemetry/opentelemetry-collector-contrib/processor/cascadingfilterprocessor/processor.go:103.86,105.17 2 2
github.com/open-telemetry/opentelemetry-collector-contrib/processor/cascadingfilterprocessor/processor.go:108.3,109.17 2 2
github.com/open-telemetry/opentelemetry-collector-contrib/processor/cascadingfilterprocessor/processor.go:112.3,118.38 2 2
github.com/open-telemetry/opentelemetry-collector-contrib/processor/cascadingfilterprocessor/processor.go:105.17,107.4 1 0
github.com/open-telemetry/opentelemetry-collector-contrib/processor/cascadingfilterprocessor/processor.go:109.17,111.4 1 0
github.com/open-telemetry/opentelemetry-collector-contrib/processor/cascadingfilterprocessor/processor.go:121.32,124.17 3 11
github.com/open-telemetry/opentelemetry-collector-contrib/processor/cascadingfilterprocessor/processor.go:127.3,128.17 2 11
github.com/open-telemetry/opentelemetry-collector-contrib/processor/cascadingfilterprocessor/processor.go:131.3,137.38 2 11
github.com/open-telemetry/opentelemetry-collector-contrib/processor/cascadingfilterprocessor/processor.go:124.17,126.4 1 0
github.com/open-telemetry/opentelemetry-collector-contrib/processor/cascadingfilterprocessor/processor.go:128.17,130.4 1 0
github.com/open-telemetry/opentelemetry-collector-contrib/processor/cascadingfilterprocessor/processor.go:156.102,158.2 1 11
github.com/open-telemetry/opentelemetry-collector-contrib/processor/cascadingfilterprocessor/processor.go:160.111,162.2 1 2
github.com/open-telemetry/opentelemetry-collector-contrib/processor/cascadingfilterprocessor/processor.go:168.106,169.38 1 11
github.com/open-telemetry/opentelemetry-collector-contrib/processor/cascadingfilterprocessor/processor.go:174.2,175.54 2 11
github.com/open-telemetry/opentelemetry-collector-contrib/processor/cascadingfilterprocessor/processor.go:180.2,180.28 1 0
github.com/open-telemetry/opentelemetry-collector-contrib/processor/cascadingfilterprocessor/processor.go:169.38,172.3 2 3
github.com/open-telemetry/opentelemetry-collector-contrib/processor/cascadingfilterprocessor/processor.go:175.54,178.3 2 11
github.com/open-telemetry/opentelemetry-collector-contrib/processor/cascadingfilterprocessor/processor.go:183.66,197.27 9 23
github.com/open-telemetry/opentelemetry-collector-contrib/processor/cascadingfilterprocessor/processor.go:239.2,239.27 1 23
github.com/open-telemetry/opentelemetry-collector-contrib/processor/cascadingfilterprocessor/processor.go:291.2,303.3 2 23
github.com/open-telemetry/opentelemetry-collector-contrib/processor/cascadingfilterprocessor/processor.go:197.27,199.10 2 17
github.com/open-telemetry/opentelemetry-collector-contrib/processor/cascadingfilterprocessor/processor.go:203.3,208.46 5 17
github.com/open-telemetry/opentelemetry-collector-contrib/processor/cascadingfilterprocessor/processor.go:199.10,201.12 2 0
github.com/open-telemetry/opentelemetry-collector-contrib/processor/cascadingfilterprocessor/processor.go:208.46,210.47 2 11
github.com/open-telemetry/opentelemetry-collector-contrib/processor/cascadingfilterprocessor/processor.go:210.47,211.44 1 11
github.com/open-telemetry/opentelemetry-collector-contrib/processor/cascadingfilterprocessor/processor.go:214.5,218.6 1 11
github.com/open-telemetry/opentelemetry-collector-contrib/processor/cascadingfilterprocessor/processor.go:211.44,213.6 1 0
github.com/open-telemetry/opentelemetry-collector-contrib/processor/cascadingfilterprocessor/processor.go:219.10,225.5 1 0
github.com/open-telemetry/opentelemetry-collector-contrib/processor/cascadingfilterprocessor/processor.go:226.9,226.58 1 6
github.com/open-telemetry/opentelemetry-collector-contrib/processor/cascadingfilterprocessor/processor.go:226.58,228.4 1 0
github.com/open-telemetry/opentelemetry-collector-contrib/processor/cascadingfilterprocessor/processor.go:228.9,235.4 2 6
github.com/open-telemetry/opentelemetry-collector-contrib/processor/cascadingfilterprocessor/processor.go:239.27,241.10 2 17
github.com/open-telemetry/opentelemetry-collector-contrib/processor/cascadingfilterprocessor/processor.go:244.3,245.51 2 17
github.com/open-telemetry/opentelemetry-collector-contrib/processor/cascadingfilterprocessor/processor.go:263.3,268.46 5 17
github.com/open-telemetry/opentelemetry-collector-contrib/processor/cascadingfilterprocessor/processor.go:241.10,242.12 1 0
github.com/open-telemetry/opentelemetry-collector-contrib/processor/cascadingfilterprocessor/processor.go:245.51,247.47 2 0
github.com/open-telemetry/opentelemetry-collector-contrib/processor/cascadingfilterprocessor/processor.go:247.47,253.5 1 0
github.com/open-telemetry/opentelemetry-collector-contrib/processor/cascadingfilterprocessor/processor.go:253.10,259.5 1 0
github.com/open-telemetry/opentelemetry-collector-contrib/processor/cascadingfilterprocessor/processor.go:268.46,274.43 3 11
github.com/open-telemetry/opentelemetry-collector-contrib/processor/cascadingfilterprocessor/processor.go:279.4,279.43 1 11
github.com/open-telemetry/opentelemetry-collector-contrib/processor/cascadingfilterprocessor/processor.go:285.4,285.59 1 11
github.com/open-telemetry/opentelemetry-collector-contrib/processor/cascadingfilterprocessor/processor.go:274.43,277.5 2 26
github.com/open-telemetry/opentelemetry-collector-contrib/processor/cascadingfilterprocessor/processor.go:279.43,281.5 1 0
github.com/open-telemetry/opentelemetry-collector-contrib/processor/cascadingfilterprocessor/processor.go:281.10,283.5 1 11
github.com/open-telemetry/opentelemetry-collector-contrib/processor/cascadingfilterprocessor/processor.go:286.9,288.4 1 6
github.com/open-telemetry/opentelemetry-collector-contrib/processor/cascadingfilterprocessor/processor.go:306.96,311.32 3 0
github.com/open-telemetry/opentelemetry-collector-contrib/processor/cascadingfilterprocessor/processor.go:311.32,313.34 2 0
github.com/open-telemetry/opentelemetry-collector-contrib/processor/cascadingfilterprocessor/processor.go:313.34,315.37 2 0
github.com/open-telemetry/opentelemetry-collector-contrib/processor/cascadingfilterprocessor/processor.go:315.37,318.57 3 0
github.com/open-telemetry/opentelemetry-collector-contrib/processor/cascadingfilterprocessor/processor.go:323.5,323.69 1 0
github.com/open-telemetry/opentelemetry-collector-contrib/processor/cascadingfilterprocessor/processor.go:318.57,320.6 1 0
github.com/open-telemetry/opentelemetry-collector-contrib/processor/cascadingfilterprocessor/processor.go:320.11,322.6 1 0
github.com/open-telemetry/opentelemetry-collector-contrib/processor/cascadingfilterprocessor/processor.go:329.46,332.32 2 11
github.com/open-telemetry/opentelemetry-collector-contrib/processor/cascadingfilterprocessor/processor.go:332.32,334.34 2 26
github.com/open-telemetry/opentelemetry-collector-contrib/processor/cascadingfilterprocessor/processor.go:334.34,336.37 2 26
github.com/open-telemetry/opentelemetry-collector-contrib/processor/cascadingfilterprocessor/processor.go:336.37,339.5 2 26
github.com/open-telemetry/opentelemetry-collector-contrib/processor/cascadingfilterprocessor/processor.go:344.141,348.39 3 23
github.com/open-telemetry/opentelemetry-collector-contrib/processor/cascadingfilterprocessor/processor.go:397.2,397.44 1 23
github.com/open-telemetry/opentelemetry-collector-contrib/processor/cascadingfilterprocessor/processor.go:348.39,357.19 5 35
github.com/open-telemetry/opentelemetry-collector-contrib/processor/cascadingfilterprocessor/processor.go:358.25,362.29 2 18
github.com/open-telemetry/opentelemetry-collector-contrib/processor/cascadingfilterprocessor/processor.go:366.4,366.34 1 18
github.com/open-telemetry/opentelemetry-collector-contrib/processor/cascadingfilterprocessor/processor.go:370.4,374.5 1 18
github.com/open-telemetry/opentelemetry-collector-contrib/processor/cascadingfilterprocessor/processor.go:375.28,376.51 1 9
github.com/open-telemetry/opentelemetry-collector-contrib/processor/cascadingfilterprocessor/processor.go:379.4,383.5 1 9
github.com/open-telemetry/opentelemetry-collector-contrib/processor/cascadingfilterprocessor/processor.go:384.30,385.47 1 6
github.com/open-telemetry/opentelemetry-collector-contrib/processor/cascadingfilterprocessor/processor.go:389.4,393.5 1 6
github.com/open-telemetry/opentelemetry-collector-contrib/processor/cascadingfilterprocessor/processor.go:362.29,364.5 1 13
github.com/open-telemetry/opentelemetry-collector-contrib/processor/cascadingfilterprocessor/processor.go:366.34,368.5 1 1
github.com/open-telemetry/opentelemetry-collector-contrib/processor/cascadingfilterprocessor/processor.go:376.51,378.5 1 8
github.com/open-telemetry/opentelemetry-collector-contrib/processor/cascadingfilterprocessor/processor.go:385.47,387.5 1 4
github.com/open-telemetry/opentelemetry-collector-contrib/processor/cascadingfilterprocessor/processor.go:401.101,402.23 1 69238
github.com/open-telemetry/opentelemetry-collector-contrib/processor/cascadingfilterprocessor/processor.go:406.2,407.43 2 69238
github.com/open-telemetry/opentelemetry-collector-contrib/processor/cascadingfilterprocessor/processor.go:411.2,411.12 1 69238
github.com/open-telemetry/opentelemetry-collector-contrib/processor/cascadingfilterprocessor/processor.go:402.23,405.3 2 8
github.com/open-telemetry/opentelemetry-collector-contrib/processor/cascadingfilterprocessor/processor.go:407.43,410.3 2 69238
github.com/open-telemetry/opentelemetry-collector-contrib/processor/cascadingfilterprocessor/processor.go:414.126,417.34 3 69238
github.com/open-telemetry/opentelemetry-collector-contrib/processor/cascadingfilterprocessor/processor.go:429.2,429.18 1 69238
github.com/open-telemetry/opentelemetry-collector-contrib/processor/cascadingfilterprocessor/processor.go:417.34,420.33 3 69238
github.com/open-telemetry/opentelemetry-collector-contrib/processor/cascadingfilterprocessor/processor.go:420.33,423.21 3 69238
github.com/open-telemetry/opentelemetry-collector-contrib/processor/cascadingfilterprocessor/processor.go:426.4,426.48 1 69238
github.com/open-telemetry/opentelemetry-collector-contrib/processor/cascadingfilterprocessor/processor.go:423.21,425.5 1 0
github.com/open-telemetry/opentelemetry-collector-contrib/processor/cascadingfilterprocessor/processor.go:432.92,436.35 3 69238
github.com/open-telemetry/opentelemetry-collector-contrib/processor/cascadingfilterprocessor/processor.go:522.2,522.68 1 69238
github.com/open-telemetry/opentelemetry-collector-contrib/processor/cascadingfilterprocessor/processor.go:436.35,440.36 4 69238
github.com/open-telemetry/opentelemetry-collector-contrib/processor/cascadingfilterprocessor/processor.go:443.3,451.13 4 69238
github.com/open-telemetry/opentelemetry-collector-contrib/processor/cascadingfilterprocessor/processor.go:473.3,473.40 1 69238
github.com/open-telemetry/opentelemetry-collector-contrib/processor/cascadingfilterprocessor/processor.go:440.36,442.4 1 69289
github.com/open-telemetry/opentelemetry-collector-contrib/processor/cascadingfilterprocessor/processor.go:451.13,454.4 1 68529
github.com/open-telemetry/opentelemetry-collector-contrib/processor/cascadingfilterprocessor/processor.go:454.9,461.22 6 709
github.com/open-telemetry/opentelemetry-collector-contrib/processor/cascadingfilterprocessor/processor.go:461.22,462.12 1 929
github.com/open-telemetry/opentelemetry-collector-contrib/processor/cascadingfilterprocessor/processor.go:463.32,464.25 1 709
github.com/open-telemetry/opentelemetry-collector-contrib/processor/cascadingfilterprocessor/processor.go:465.13,468.46 2 220
github.com/open-telemetry/opentelemetry-collector-contrib/processor/cascadingfilterprocessor/processor.go:473.40,479.42 4 69238
github.com/open-telemetry/opentelemetry-collector-contrib/processor/cascadingfilterprocessor/processor.go:487.4,490.26 2 4
github.com/open-telemetry/opentelemetry-collector-contrib/processor/cascadingfilterprocessor/processor.go:516.4,516.42 1 4
github.com/open-telemetry/opentelemetry-collector-contrib/processor/cascadingfilterprocessor/processor.go:479.42,485.10 4 69234
github.com/open-telemetry/opentelemetry-collector-contrib/processor/cascadingfilterprocessor/processor.go:491.26,491.26 0 0
github.com/open-telemetry/opentelemetry-collector-contrib/processor/cascadingfilterprocessor/processor.go:493.31,493.31 0 0
github.com/open-telemetry/opentelemetry-collector-contrib/processor/cascadingfilterprocessor/processor.go:495.26,498.80 2 2
github.com/open-telemetry/opentelemetry-collector-contrib/processor/cascadingfilterprocessor/processor.go:503.5,503.16 1 2
github.com/open-telemetry/opentelemetry-collector-contrib/processor/cascadingfilterprocessor/processor.go:504.29,506.119 2 4
github.com/open-telemetry/opentelemetry-collector-contrib/processor/cascadingfilterprocessor/processor.go:508.12,511.47 1 0
github.com/open-telemetry/opentelemetry-collector-contrib/processor/cascadingfilterprocessor/processor.go:498.80,502.6 1 0
github.com/open-telemetry/opentelemetry-collector-contrib/processor/cascadingfilterprocessor/processor.go:516.42,517.10 1 2
github.com/open-telemetry/opentelemetry-collector-contrib/processor/cascadingfilterprocessor/processor.go:525.93,527.2 1 0
github.com/open-telemetry/opentelemetry-collector-contrib/processor/cascadingfilterprocessor/processor.go:530.88,532.2 1 0
github.com/open-telemetry/opentelemetry-collector-contrib/processor/cascadingfilterprocessor/processor.go:535.75,537.2 1 0
github.com/open-telemetry/opentelemetry-collector-contrib/processor/cascadingfilterprocessor/processor.go:539.95,541.47 2 220
github.com/open-telemetry/opentelemetry-collector-contrib/processor/cascadingfilterprocessor/processor.go:547.2,547.18 1 220
github.com/open-telemetry/opentelemetry-collector-contrib/processor/cascadingfilterprocessor/processor.go:552.2,552.106 1 220
github.com/open-telemetry/opentelemetry-collector-contrib/processor/cascadingfilterprocessor/processor.go:541.47,546.3 3 220
github.com/open-telemetry/opentelemetry-collector-contrib/processor/cascadingfilterprocessor/processor.go:547.18,550.3 2 0
github.com/open-telemetry/opentelemetry-collector-contrib/processor/cascadingfilterprocessor/processor.go:555.83,562.29 7 69236
github.com/open-telemetry/opentelemetry-collector-contrib/processor/cascadingfilterprocessor/processor.go:565.2,565.16 1 69236
github.com/open-telemetry/opentelemetry-collector-contrib/processor/cascadingfilterprocessor/processor.go:562.29,564.3 1 69236
github.com/open-telemetry/opentelemetry-collector-contrib/processor/cascadingfilterprocessor/processor.go:583.48,585.12 2 4
github.com/open-telemetry/opentelemetry-collector-contrib/processor/cascadingfilterprocessor/processor.go:585.12,586.25 1 4
github.com/open-telemetry/opentelemetry-collector-contrib/processor/cascadingfilterprocessor/processor.go:586.25,588.4 1 2
github.com/open-telemetry/opentelemetry-collector-contrib/processor/cascadingfilterprocessor/processor.go:591.34,593.2 1 2
github.com/open-telemetry/opentelemetry-collector-contrib/processor/cascadingfilterprocessor/processor.go:594.32,596.2 1 0
github.com/open-telemetry/opentelemetry-collector-contrib/processor/cascadingfilterprocessor/factory.go:41.46,49.2 2 2
github.com/open-telemetry/opentelemetry-collector-contrib/processor/cascadingfilterprocessor/factory.go:51.45,62.2 1 3
github.com/open-telemetry/opentelemetry-collector-contrib/processor/cascadingfilterprocessor/factory.go:69.38,72.2 2 1
github.com/open-telemetry/opentelemetry-collector-contrib/processor/cascadingfilterprocessor/metrics.go:55.75,56.40 1 2
github.com/open-telemetry/opentelemetry-collector-contrib/processor/cascadingfilterprocessor/metrics.go:60.2,149.61 14 2
github.com/open-telemetry/opentelemetry-collector-contrib/processor/cascadingfilterprocessor/metrics.go:56.40,58.3 1 0
